::1 - - [25/Aug/2017:10:55:38 +0000] "GET / HTTP/1.1" 200 15287 "-" "Mozilla/5.0 (Macintosh; Intel Mac OS X 10_13) AppleWebKit/604.1.31 (KHTML, like Gecko) Version/11.0 Safari/604.1.31"
::1 - - [25/Aug/2017:10:55:38 +0000] "GET /assets/css/landing-page.css HTTP/1.1" 200 53964 "http://localhost:3000/" "Mozilla/5.0 (Macintosh; Intel Mac OS X 10_13) AppleWebKit/604.1.31 (KHTML, like Gecko) Version/11.0 Safari/604.1.31"
::1 - - [25/Aug/2017:10:55:38 +0000] "GET /images/nclogo.svg HTTP/1.1" 200 2717 "http://localhost:3000/" "Mozilla/5.0 (Macintosh; Intel Mac OS X 10_13) AppleWebKit/604.1.31 (KHTML, like Gecko) Version/11.0 Safari/604.1.31"
::1 - - [25/Aug/2017:10:55:38 +0000] "GET /eximages/cryptoeconomy.png HTTP/1.1" 200 7959 "http://localhost:3000/" "Mozilla/5.0 (Macintosh; Intel Mac OS X 10_13) AppleWebKit/604.1.31 (KHTML, like Gecko) Version/11.0 Safari/604.1.31"
::1 - - [25/Aug/2017:10:55:38 +0000] "GET /eximages/jmt.png HTTP/1.1" 200 9721 "http://localhost:3000/" "Mozilla/5.0 (Macintosh; Intel Mac OS X 10_13) AppleWebKit/604.1.31 (KHTML, like Gecko) Version/11.0 Safari/604.1.31"
::1 - - [25/Aug/2017:10:55:38 +0000] "GET /assets/js/jquery.min.js HTTP/1.1" 200 95957 "http://localhost:3000/" "Mozilla/5.0 (Macintosh; Intel Mac OS X 10_13) AppleWebKit/604.1.31 (KHTML, like Gecko) Version/11.0 Safari/604.1.31"
::1 - - [25/Aug/2017:10:55:38 +0000] "GET /assets/js/skel.min.js HTTP/1.1" 200 9085 "http://localhost:3000/" "Mozilla/5.0 (Macintosh; Intel Mac OS X 10_13) AppleWebKit/604.1.31 (KHTML, like Gecko) Version/11.0 Safari/604.1.31"
::1 - - [25/Aug/2017:10:55:38 +0000] "GET /assets/js/jquery.scrollgress.min.js HTTP/1.1" 200 2894 "http://localhost:3000/" "Mozilla/5.0 (Macintosh; Intel Mac OS X 10_13) AppleWebKit/604.1.31 (KHTML, like Gecko) Version/11.0 Safari/604.1.31"
::1 - - [25/Aug/2017:10:55:38 +0000] "GET /assets/js/jquery.dropotron.min.js HTTP/1.1" 200 5106 "http://localhost:3000/" "Mozilla/5.0 (Macintosh; Intel Mac OS X 10_13) AppleWebKit/604.1.31 (KHTML, like Gecko) Version/11.0 Safari/604.1.31"
::1 - - [25/Aug/2017:10:55:38 +0000] "GET /assets/js/main.js HTTP/1.1" 200 2730 "http://localhost:3000/" "Mozilla/5.0 (Macintosh; Intel Mac OS X 10_13) AppleWebKit/604.1.31 (KHTML, like Gecko) Version/11.0 Safari/604.1.31"
::1 - - [25/Aug/2017:10:55:38 +0000] "GET /eximages/digitalasiahub.png HTTP/1.1" 200 10974 "http://localhost:3000/" "Mozilla/5.0 (Macintosh; Intel Mac OS X 10_13) AppleWebKit/604.1.31 (KHTML, like Gecko) Version/11.0 Safari/604.1.31"
::1 - - [25/Aug/2017:10:55:38 +0000] "GET /eximages/logo_cryptoinsider.png HTTP/1.1" 200 4653 "http://localhost:3000/" "Mozilla/5.0 (Macintosh; Intel Mac OS X 10_13) AppleWebKit/604.1.31 (KHTML, like Gecko) Version/11.0 Safari/604.1.31"
::1 - - [25/Aug/2017:10:55:38 +0000] "GET /eximages/laweeklylogo.png HTTP/1.1" 200 1931 "http://localhost:3000/" "Mozilla/5.0 (Macintosh; Intel Mac OS X 10_13) AppleWebKit/604.1.31 (KHTML, like Gecko) Version/11.0 Safari/604.1.31"
::1 - - [25/Aug/2017:10:55:38 +0000] "GET /eximages/nasdaq.jpg HTTP/1.1" 200 5368 "http://localhost:3000/" "Mozilla/5.0 (Macintosh; Intel Mac OS X 10_13) AppleWebKit/604.1.31 (KHTML, like Gecko) Version/11.0 Safari/604.1.31"
::1 - - [25/Aug/2017:10:55:38 +0000] "GET /eximages/btcmag.png HTTP/1.1" 200 8196 "http://localhost:3000/" "Mozilla/5.0 (Macintosh; Intel Mac OS X 10_13) AppleWebKit/604.1.31 (KHTML, like Gecko) Version/11.0 Safari/604.1.31"
::1 - - [25/Aug/2017:10:55:38 +0000] "GET /assets/js/util.js HTTP/1.1" 200 12433 "http://localhost:3000/" "Mozilla/5.0 (Macintosh; Intel Mac OS X 10_13) AppleWebKit/604.1.31 (KHTML, like Gecko) Version/11.0 Safari/604.1.31"
::1 - - [25/Aug/2017:10:55:38 +0000] "GET /assets/js/jquery.scrolly.min.js HTTP/1.1" 200 831 "http://localhost:3000/" "Mozilla/5.0 (Macintosh; Intel Mac OS X 10_13) AppleWebKit/604.1.31 (KHTML, like Gecko) Version/11.0 Safari/604.1.31"
::1 - - [25/Aug/2017:10:55:38 +0000] "GET /assets/css/font-awesome.min.css HTTP/1.1" 200 29063 "http://localhost:3000/" "Mozilla/5.0 (Macintosh; Intel Mac OS X 10_13) AppleWebKit/604.1.31 (KHTML, like Gecko) Version/11.0 Safari/604.1.31"
::1 - - [25/Aug/2017:10:55:39 +0000] "GET /images/bg1.jpg HTTP/1.1" 200 251488 "http://localhost:3000/" "Mozilla/5.0 (Macintosh; Intel Mac OS X 10_13) AppleWebKit/604.1.31 (KHTML, like Gecko) Version/11.0 Safari/604.1.31"
::1 - - [25/Aug/2017:10:55:39 +0000] "GET /images/bgx.jpg HTTP/1.1" 200 151504 "http://localhost:3000/" "Mozilla/5.0 (Macintosh; Intel Mac OS X 10_13) AppleWebKit/604.1.31 (KHTML, like Gecko) Version/11.0 Safari/604.1.31"
::1 - - [25/Aug/2017:10:55:39 +0000] "GET /images/bg3.jpg HTTP/1.1" 200 166639 "http://localhost:3000/" "Mozilla/5.0 (Macintosh; Intel Mac OS X 10_13) AppleWebKit/604.1.31 (KHTML, like Gecko) Version/11.0 Safari/604.1.31"
::1 - - [25/Aug/2017:10:55:39 +0000] "GET /images/bg5.jpg HTTP/1.1" 200 149688 "http://localhost:3000/" "Mozilla/5.0 (Macintosh; Intel Mac OS X 10_13) AppleWebKit/604.1.31 (KHTML, like Gecko) Version/11.0 Safari/604.1.31"
::1 - - [25/Aug/2017:10:55:39 +0000] "GET /images/bg6.jpg HTTP/1.1" 200 168009 "http://localhost:3000/" "Mozilla/5.0 (Macintosh; Intel Mac OS X 10_13) AppleWebKit/604.1.31 (KHTML, like Gecko) Version/11.0 Safari/604.1.31"
::1 - - [25/Aug/2017:10:55:39 +0000] "GET /images/bg4.jpg HTTP/1.1" 200 148899 "http://localhost:3000/" "Mozilla/5.0 (Macintosh; Intel Mac OS X 10_13) AppleWebKit/604.1.31 (KHTML, like Gecko) Version/11.0 Safari/604.1.31"
::1 - - [25/Aug/2017:10:55:39 +0000] "GET /images/banner.jpg HTTP/1.1" 200 139924 "http://localhost:3000/" "Mozilla/5.0 (Macintosh; Intel Mac OS X 10_13) AppleWebKit/604.1.31 (KHTML, like Gecko) Version/11.0 Safari/604.1.31"
::1 - - [25/Aug/2017:10:55:39 +0000] "GET /assets/fonts/fontawesome-webfont.woff2?v=4.6.3 HTTP/1.1" 200 71896 "http://localhost:3000/" "Mozilla/5.0 (Macintosh; Intel Mac OS X 10_13) AppleWebKit/604.1.31 (KHTML, like Gecko) Version/11.0 Safari/604.1.31"
::1 - - [25/Aug/2017:10:55:40 +0000] "GET /welcome HTTP/1.1" 200 11775 "http://localhost:3000/" "Mozilla/5.0 (Macintosh; Intel Mac OS X 10_13) AppleWebKit/604.1.31 (KHTML, like Gecko) Version/11.0 Safari/604.1.31"
::1 - - [25/Aug/2017:10:55:41 +0000] "GET /styles/signup_page.css HTTP/1.1" 200 76849 "http://localhost:3000/welcome" "Mozilla/5.0 (Macintosh; Intel Mac OS X 10_13) AppleWebKit/604.1.31 (KHTML, like Gecko) Version/11.0 Safari/604.1.31"
::1 - - [25/Aug/2017:10:55:41 +0000] "GET /dependencies/bootstrap/js/bootstrap.min.js HTTP/1.1" 200 37045 "http://localhost:3000/welcome" "Mozilla/5.0 (Macintosh; Intel Mac OS X 10_13) AppleWebKit/604.1.31 (KHTML, like Gecko) Version/11.0 Safari/604.1.31"
::1 - - [25/Aug/2017:10:55:41 +0000] "GET /dependencies/messg-2.1.0/index.css HTTP/1.1" 200 2358 "http://localhost:3000/welcome" "Mozilla/5.0 (Macintosh; Intel Mac OS X 10_13) AppleWebKit/604.1.31 (KHTML, like Gecko) Version/11.0 Safari/604.1.31"
::1 - - [25/Aug/2017:10:55:41 +0000] "GET /dependencies/messg-2.1.0/index.js HTTP/1.1" 200 3490 "http://localhost:3000/welcome" "Mozilla/5.0 (Macintosh; Intel Mac OS X 10_13) AppleWebKit/604.1.31 (KHTML, like Gecko) Version/11.0 Safari/604.1.31"
::1 - - [25/Aug/2017:10:55:41 +0000] "GET /dependencies/prefixfree/prefixfree.min.js HTTP/1.1" 200 6201 "http://localhost:3000/welcome" "Mozilla/5.0 (Macintosh; Intel Mac OS X 10_13) AppleWebKit/604.1.31 (KHTML, like Gecko) Version/11.0 Safari/604.1.31"
::1 - - [25/Aug/2017:10:55:41 +0000] "GET /js/dynamic-elements.js HTTP/1.1" 200 5872 "http://localhost:3000/welcome" "Mozilla/5.0 (Macintosh; Intel Mac OS X 10_13) AppleWebKit/604.1.31 (KHTML, like Gecko) Version/11.0 Safari/604.1.31"
::1 - - [25/Aug/2017:10:55:41 +0000] "GET /js/tips.js HTTP/1.1" 200 4464 "http://localhost:3000/welcome" "Mozilla/5.0 (Macintosh; Intel Mac OS X 10_13) AppleWebKit/604.1.31 (KHTML, like Gecko) Version/11.0 Safari/604.1.31"
::1 - - [25/Aug/2017:10:55:41 +0000] "GET /js/following.js HTTP/1.1" 200 3029 "http://localhost:3000/welcome" "Mozilla/5.0 (Macintosh; Intel Mac OS X 10_13) AppleWebKit/604.1.31 (KHTML, like Gecko) Version/11.0 Safari/604.1.31"
::1 - - [25/Aug/2017:10:55:41 +0000] "GET /dependencies/jquery/js/jquery-3.1.1.js HTTP/1.1" 200 267194 "http://localhost:3000/welcome" "Mozilla/5.0 (Macintosh; Intel Mac OS X 10_13) AppleWebKit/604.1.31 (KHTML, like Gecko) Version/11.0 Safari/604.1.31"
::1 - - [25/Aug/2017:10:55:41 +0000] "GET /js/track-messages.js HTTP/1.1" 200 3385 "http://localhost:3000/welcome" "Mozilla/5.0 (Macintosh; Intel Mac OS X 10_13) AppleWebKit/604.1.31 (KHTML, like Gecko) Version/11.0 Safari/604.1.31"
::1 - - [25/Aug/2017:10:55:41 +0000] "GET /js/more.js HTTP/1.1" 200 844 "http://localhost:3000/welcome" "Mozilla/5.0 (Macintosh; Intel Mac OS X 10_13) AppleWebKit/604.1.31 (KHTML, like Gecko) Version/11.0 Safari/604.1.31"
::1 - - [25/Aug/2017:10:55:41 +0000] "GET /js/hero.js HTTP/1.1" 200 707 "http://localhost:3000/welcome" "Mozilla/5.0 (Macintosh; Intel Mac OS X 10_13) AppleWebKit/604.1.31 (KHTML, like Gecko) Version/11.0 Safari/604.1.31"
::1 - - [25/Aug/2017:10:55:41 +0000] "GET /js/modal.js HTTP/1.1" 200 914 "http://localhost:3000/welcome" "Mozilla/5.0 (Macintosh; Intel Mac OS X 10_13) AppleWebKit/604.1.31 (KHTML, like Gecko) Version/11.0 Safari/604.1.31"
::1 - - [25/Aug/2017:10:55:41 +0000] "GET /js/format.js HTTP/1.1" 200 440 "http://localhost:3000/welcome" "Mozilla/5.0 (Macintosh; Intel Mac OS X 10_13) AppleWebKit/604.1.31 (KHTML, like Gecko) Version/11.0 Safari/604.1.31"
::1 - - [25/Aug/2017:10:55:41 +0000] "GET /dependencies/jquery/js/jquery-ui.js HTTP/1.1" 200 520714 "http://localhost:3000/welcome" "Mozilla/5.0 (Macintosh; Intel Mac OS X 10_13) AppleWebKit/604.1.31 (KHTML, like Gecko) Version/11.0 Safari/604.1.31"
::1 - - [25/Aug/2017:10:55:41 +0000] "GET /js/auto-complete.js HTTP/1.1" 200 1974 "http://localhost:3000/welcome" "Mozilla/5.0 (Macintosh; Intel Mac OS X 10_13) AppleWebKit/604.1.31 (KHTML, like Gecko) Version/11.0 Safari/604.1.31"
::1 - - [25/Aug/2017:10:55:41 +0000] "GET /js/scripts.js HTTP/1.1" 200 848 "http://localhost:3000/welcome" "Mozilla/5.0 (Macintosh; Intel Mac OS X 10_13) AppleWebKit/604.1.31 (KHTML, like Gecko) Version/11.0 Safari/604.1.31"
::1 - - [25/Aug/2017:10:55:41 +0000] "GET /js/classie.js HTTP/1.1" 200 1834 "http://localhost:3000/welcome" "Mozilla/5.0 (Macintosh; Intel Mac OS X 10_13) AppleWebKit/604.1.31 (KHTML, like Gecko) Version/11.0 Safari/604.1.31"
::1 - - [25/Aug/2017:10:55:41 +0000] "GET /styles/signup_page.css HTTP/1.1" 304 - "http://localhost:3000/welcome" "Mozilla/5.0 (Macintosh; Intel Mac OS X 10_13) AppleWebKit/604.1.31 (KHTML, like Gecko) Version/11.0 Safari/604.1.31"
::1 - - [25/Aug/2017:10:55:41 +0000] "GET /dependencies/messg-2.1.0/index.css HTTP/1.1" 304 - "http://localhost:3000/welcome" "Mozilla/5.0 (Macintosh; Intel Mac OS X 10_13) AppleWebKit/604.1.31 (KHTML, like Gecko) Version/11.0 Safari/604.1.31"
::1 - - [25/Aug/2017:10:55:41 +0000] "GET /images/image.jpg HTTP/1.1" 200 166662 "http://localhost:3000/welcome" "Mozilla/5.0 (Macintosh; Intel Mac OS X 10_13) AppleWebKit/604.1.31 (KHTML, like Gecko) Version/11.0 Safari/604.1.31"
::1 - - [25/Aug/2017:10:55:41 +0000] "GET /fonts/mr.woff HTTP/1.1" 200 97772 "http://localhost:3000/welcome" "Mozilla/5.0 (Macintosh; Intel Mac OS X 10_13) AppleWebKit/604.1.31 (KHTML, like Gecko) Version/11.0 Safari/604.1.31"
::1 - - [25/Aug/2017:10:55:41 +0000] "GET /fonts/fontawesome-webfont.woff?v=4.2.0 HTTP/1.1" 200 98024 "http://localhost:3000/welcome" "Mozilla/5.0 (Macintosh; Intel Mac OS X 10_13) AppleWebKit/604.1.31 (KHTML, like Gecko) Version/11.0 Safari/604.1.31"
::1 - - [25/Aug/2017:10:56:01 +0000] "POST /login/confirm HTTP/1.1" 200 109 "http://localhost:3000/welcome" "Mozilla/5.0 (Macintosh; Intel Mac OS X 10_13) AppleWebKit/604.1.31 (KHTML, like Gecko) Version/11.0 Safari/604.1.31"
::1 - - [25/Aug/2017:10:56:08 +0000] "POST /signup HTTP/1.1" 302 60 "http://localhost:3000/welcome" "Mozilla/5.0 (Macintosh; Intel Mac OS X 10_13) AppleWebKit/604.1.31 (KHTML, like Gecko) Version/11.0 Safari/604.1.31"
::1 - - [25/Aug/2017:10:56:08 +0000] "GET /welcome HTTP/1.1" 200 12029 "http://localhost:3000/welcome" "Mozilla/5.0 (Macintosh; Intel Mac OS X 10_13) AppleWebKit/604.1.31 (KHTML, like Gecko) Version/11.0 Safari/604.1.31"
::1 - - [25/Aug/2017:10:56:08 +0000] "GET /styles/signup_page.css HTTP/1.1" 304 - "http://localhost:3000/welcome" "Mozilla/5.0 (Macintosh; Intel Mac OS X 10_13) AppleWebKit/604.1.31 (KHTML, like Gecko) Version/11.0 Safari/604.1.31"
::1 - - [25/Aug/2017:10:56:08 +0000] "GET /dependencies/messg-2.1.0/index.css HTTP/1.1" 304 - "http://localhost:3000/welcome" "Mozilla/5.0 (Macintosh; Intel Mac OS X 10_13) AppleWebKit/604.1.31 (KHTML, like Gecko) Version/11.0 Safari/604.1.31"
::1 - - [25/Aug/2017:10:56:08 +0000] "GET /dependencies/jquery/js/jquery-3.1.1.js HTTP/1.1" 304 - "http://localhost:3000/welcome" "Mozilla/5.0 (Macintosh; Intel Mac OS X 10_13) AppleWebKit/604.1.31 (KHTML, like Gecko) Version/11.0 Safari/604.1.31"
::1 - - [25/Aug/2017:10:56:08 +0000] "GET /dependencies/messg-2.1.0/index.js HTTP/1.1" 304 - "http://localhost:3000/welcome" "Mozilla/5.0 (Macintosh; Intel Mac OS X 10_13) AppleWebKit/604.1.31 (KHTML, like Gecko) Version/11.0 Safari/604.1.31"
::1 - - [25/Aug/2017:10:56:08 +0000] "GET /js/dynamic-elements.js HTTP/1.1" 304 - "http://localhost:3000/welcome" "Mozilla/5.0 (Macintosh; Intel Mac OS X 10_13) AppleWebKit/604.1.31 (KHTML, like Gecko) Version/11.0 Safari/604.1.31"
::1 - - [25/Aug/2017:10:56:08 +0000] "GET /js/tips.js HTTP/1.1" 304 - "http://localhost:3000/welcome" "Mozilla/5.0 (Macintosh; Intel Mac OS X 10_13) AppleWebKit/604.1.31 (KHTML, like Gecko) Version/11.0 Safari/604.1.31"
::1 - - [25/Aug/2017:10:56:08 +0000] "GET /dependencies/prefixfree/prefixfree.min.js HTTP/1.1" 304 - "http://localhost:3000/welcome" "Mozilla/5.0 (Macintosh; Intel Mac OS X 10_13) AppleWebKit/604.1.31 (KHTML, like Gecko) Version/11.0 Safari/604.1.31"
::1 - - [25/Aug/2017:10:56:08 +0000] "GET /js/following.js HTTP/1.1" 304 - "http://localhost:3000/welcome" "Mozilla/5.0 (Macintosh; Intel Mac OS X 10_13) AppleWebKit/604.1.31 (KHTML, like Gecko) Version/11.0 Safari/604.1.31"
::1 - - [25/Aug/2017:10:56:08 +0000] "GET /js/hero.js HTTP/1.1" 304 - "http://localhost:3000/welcome" "Mozilla/5.0 (Macintosh; Intel Mac OS X 10_13) AppleWebKit/604.1.31 (KHTML, like Gecko) Version/11.0 Safari/604.1.31"
::1 - - [25/Aug/2017:10:56:08 +0000] "GET /js/track-messages.js HTTP/1.1" 304 - "http://localhost:3000/welcome" "Mozilla/5.0 (Macintosh; Intel Mac OS X 10_13) AppleWebKit/604.1.31 (KHTML, like Gecko) Version/11.0 Safari/604.1.31"
::1 - - [25/Aug/2017:10:56:08 +0000] "GET /js/more.js HTTP/1.1" 304 - "http://localhost:3000/welcome" "Mozilla/5.0 (Macintosh; Intel Mac OS X 10_13) AppleWebKit/604.1.31 (KHTML, like Gecko) Version/11.0 Safari/604.1.31"
::1 - - [25/Aug/2017:10:56:08 +0000] "GET /js/modal.js HTTP/1.1" 304 - "http://localhost:3000/welcome" "Mozilla/5.0 (Macintosh; Intel Mac OS X 10_13) AppleWebKit/604.1.31 (KHTML, like Gecko) Version/11.0 Safari/604.1.31"
::1 - - [25/Aug/2017:10:56:08 +0000] "GET /js/auto-complete.js HTTP/1.1" 304 - "http://localhost:3000/welcome" "Mozilla/5.0 (Macintosh; Intel Mac OS X 10_13) AppleWebKit/604.1.31 (KHTML, like Gecko) Version/11.0 Safari/604.1.31"
::1 - - [25/Aug/2017:10:56:08 +0000] "GET /js/format.js HTTP/1.1" 304 - "http://localhost:3000/welcome" "Mozilla/5.0 (Macintosh; Intel Mac OS X 10_13) AppleWebKit/604.1.31 (KHTML, like Gecko) Version/11.0 Safari/604.1.31"
::1 - - [25/Aug/2017:10:56:08 +0000] "GET /js/scripts.js HTTP/1.1" 304 - "http://localhost:3000/welcome" "Mozilla/5.0 (Macintosh; Intel Mac OS X 10_13) AppleWebKit/604.1.31 (KHTML, like Gecko) Version/11.0 Safari/604.1.31"
::1 - - [25/Aug/2017:10:56:08 +0000] "GET /js/classie.js HTTP/1.1" 304 - "http://localhost:3000/welcome" "Mozilla/5.0 (Macintosh; Intel Mac OS X 10_13) AppleWebKit/604.1.31 (KHTML, like Gecko) Version/11.0 Safari/604.1.31"
::1 - - [25/Aug/2017:10:56:08 +0000] "GET /dependencies/jquery/js/jquery-ui.js HTTP/1.1" 304 - "http://localhost:3000/welcome" "Mozilla/5.0 (Macintosh; Intel Mac OS X 10_13) AppleWebKit/604.1.31 (KHTML, like Gecko) Version/11.0 Safari/604.1.31"
::1 - - [25/Aug/2017:10:56:08 +0000] "GET /dependencies/bootstrap/js/bootstrap.min.js HTTP/1.1" 304 - "http://localhost:3000/welcome" "Mozilla/5.0 (Macintosh; Intel Mac OS X 10_13) AppleWebKit/604.1.31 (KHTML, like Gecko) Version/11.0 Safari/604.1.31"
::1 - - [25/Aug/2017:10:56:08 +0000] "GET /images/image.jpg HTTP/1.1" 304 - "http://localhost:3000/welcome" "Mozilla/5.0 (Macintosh; Intel Mac OS X 10_13) AppleWebKit/604.1.31 (KHTML, like Gecko) Version/11.0 Safari/604.1.31"
::1 - - [25/Aug/2017:10:56:08 +0000] "GET /styles/signup_page.css HTTP/1.1" 304 - "http://localhost:3000/welcome" "Mozilla/5.0 (Macintosh; Intel Mac OS X 10_13) AppleWebKit/604.1.31 (KHTML, like Gecko) Version/11.0 Safari/604.1.31"
::1 - - [25/Aug/2017:10:56:08 +0000] "GET /dependencies/messg-2.1.0/index.css HTTP/1.1" 304 - "http://localhost:3000/welcome" "Mozilla/5.0 (Macintosh; Intel Mac OS X 10_13) AppleWebKit/604.1.31 (KHTML, like Gecko) Version/11.0 Safari/604.1.31"
::1 - - [25/Aug/2017:10:56:08 +0000] "GET /fonts/mr.woff HTTP/1.1" 304 - "http://localhost:3000/welcome" "Mozilla/5.0 (Macintosh; Intel Mac OS X 10_13) AppleWebKit/604.1.31 (KHTML, like Gecko) Version/11.0 Safari/604.1.31"
::1 - - [25/Aug/2017:10:56:08 +0000] "GET /fonts/fontawesome-webfont.woff?v=4.2.0 HTTP/1.1" 304 - "http://localhost:3000/welcome" "Mozilla/5.0 (Macintosh; Intel Mac OS X 10_13) AppleWebKit/604.1.31 (KHTML, like Gecko) Version/11.0 Safari/604.1.31"
::1 - - [25/Aug/2017:10:56:41 +0000] "POST /signup HTTP/1.1" 302 60 "http://localhost:3000/welcome" "Mozilla/5.0 (Macintosh; Intel Mac OS X 10_13) AppleWebKit/604.1.31 (KHTML, like Gecko) Version/11.0 Safari/604.1.31"
::1 - - [25/Aug/2017:10:56:41 +0000] "GET /welcome HTTP/1.1" 200 11874 "http://localhost:3000/welcome" "Mozilla/5.0 (Macintosh; Intel Mac OS X 10_13) AppleWebKit/604.1.31 (KHTML, like Gecko) Version/11.0 Safari/604.1.31"
::1 - - [25/Aug/2017:10:56:41 +0000] "GET /dependencies/messg-2.1.0/index.css HTTP/1.1" 304 - "http://localhost:3000/welcome" "Mozilla/5.0 (Macintosh; Intel Mac OS X 10_13) AppleWebKit/604.1.31 (KHTML, like Gecko) Version/11.0 Safari/604.1.31"
::1 - - [25/Aug/2017:10:56:41 +0000] "GET /dependencies/messg-2.1.0/index.js HTTP/1.1" 304 - "http://localhost:3000/welcome" "Mozilla/5.0 (Macintosh; Intel Mac OS X 10_13) AppleWebKit/604.1.31 (KHTML, like Gecko) Version/11.0 Safari/604.1.31"
::1 - - [25/Aug/2017:10:56:41 +0000] "GET /dependencies/prefixfree/prefixfree.min.js HTTP/1.1" 304 - "http://localhost:3000/welcome" "Mozilla/5.0 (Macintosh; Intel Mac OS X 10_13) AppleWebKit/604.1.31 (KHTML, like Gecko) Version/11.0 Safari/604.1.31"
::1 - - [25/Aug/2017:10:56:41 +0000] "GET /js/tips.js HTTP/1.1" 304 - "http://localhost:3000/welcome" "Mozilla/5.0 (Macintosh; Intel Mac OS X 10_13) AppleWebKit/604.1.31 (KHTML, like Gecko) Version/11.0 Safari/604.1.31"
::1 - - [25/Aug/2017:10:56:41 +0000] "GET /js/dynamic-elements.js HTTP/1.1" 304 - "http://localhost:3000/welcome" "Mozilla/5.0 (Macintosh; Intel Mac OS X 10_13) AppleWebKit/604.1.31 (KHTML, like Gecko) Version/11.0 Safari/604.1.31"
::1 - - [25/Aug/2017:10:56:41 +0000] "GET /js/following.js HTTP/1.1" 304 - "http://localhost:3000/welcome" "Mozilla/5.0 (Macintosh; Intel Mac OS X 10_13) AppleWebKit/604.1.31 (KHTML, like Gecko) Version/11.0 Safari/604.1.31"
::1 - - [25/Aug/2017:10:56:41 +0000] "GET /js/track-messages.js HTTP/1.1" 304 - "http://localhost:3000/welcome" "Mozilla/5.0 (Macintosh; Intel Mac OS X 10_13) AppleWebKit/604.1.31 (KHTML, like Gecko) Version/11.0 Safari/604.1.31"
::1 - - [25/Aug/2017:10:56:41 +0000] "GET /js/more.js HTTP/1.1" 304 - "http://localhost:3000/welcome" "Mozilla/5.0 (Macintosh; Intel Mac OS X 10_13) AppleWebKit/604.1.31 (KHTML, like Gecko) Version/11.0 Safari/604.1.31"
::1 - - [25/Aug/2017:10:56:41 +0000] "GET /js/hero.js HTTP/1.1" 304 - "http://localhost:3000/welcome" "Mozilla/5.0 (Macintosh; Intel Mac OS X 10_13) AppleWebKit/604.1.31 (KHTML, like Gecko) Version/11.0 Safari/604.1.31"
::1 - - [25/Aug/2017:10:56:41 +0000] "GET /dependencies/bootstrap/js/bootstrap.min.js HTTP/1.1" 304 - "http://localhost:3000/welcome" "Mozilla/5.0 (Macintosh; Intel Mac OS X 10_13) AppleWebKit/604.1.31 (KHTML, like Gecko) Version/11.0 Safari/604.1.31"
::1 - - [25/Aug/2017:10:56:41 +0000] "GET /dependencies/jquery/js/jquery-3.1.1.js HTTP/1.1" 304 - "http://localhost:3000/welcome" "Mozilla/5.0 (Macintosh; Intel Mac OS X 10_13) AppleWebKit/604.1.31 (KHTML, like Gecko) Version/11.0 Safari/604.1.31"
::1 - - [25/Aug/2017:10:56:41 +0000] "GET /styles/signup_page.css HTTP/1.1" 304 - "http://localhost:3000/welcome" "Mozilla/5.0 (Macintosh; Intel Mac OS X 10_13) AppleWebKit/604.1.31 (KHTML, like Gecko) Version/11.0 Safari/604.1.31"
::1 - - [25/Aug/2017:10:56:41 +0000] "GET /js/format.js HTTP/1.1" 304 - "http://localhost:3000/welcome" "Mozilla/5.0 (Macintosh; Intel Mac OS X 10_13) AppleWebKit/604.1.31 (KHTML, like Gecko) Version/11.0 Safari/604.1.31"
::1 - - [25/Aug/2017:10:56:41 +0000] "GET /js/modal.js HTTP/1.1" 304 - "http://localhost:3000/welcome" "Mozilla/5.0 (Macintosh; Intel Mac OS X 10_13) AppleWebKit/604.1.31 (KHTML, like Gecko) Version/11.0 Safari/604.1.31"
::1 - - [25/Aug/2017:10:56:41 +0000] "GET /dependencies/jquery/js/jquery-ui.js HTTP/1.1" 304 - "http://localhost:3000/welcome" "Mozilla/5.0 (Macintosh; Intel Mac OS X 10_13) AppleWebKit/604.1.31 (KHTML, like Gecko) Version/11.0 Safari/604.1.31"
::1 - - [25/Aug/2017:10:56:41 +0000] "GET /js/auto-complete.js HTTP/1.1" 304 - "http://localhost:3000/welcome" "Mozilla/5.0 (Macintosh; Intel Mac OS X 10_13) AppleWebKit/604.1.31 (KHTML, like Gecko) Version/11.0 Safari/604.1.31"
::1 - - [25/Aug/2017:10:56:41 +0000] "GET /js/classie.js HTTP/1.1" 304 - "http://localhost:3000/welcome" "Mozilla/5.0 (Macintosh; Intel Mac OS X 10_13) AppleWebKit/604.1.31 (KHTML, like Gecko) Version/11.0 Safari/604.1.31"
::1 - - [25/Aug/2017:10:56:41 +0000] "GET /js/scripts.js HTTP/1.1" 304 - "http://localhost:3000/welcome" "Mozilla/5.0 (Macintosh; Intel Mac OS X 10_13) AppleWebKit/604.1.31 (KHTML, like Gecko) Version/11.0 Safari/604.1.31"
::1 - - [25/Aug/2017:10:56:41 +0000] "GET /images/image.jpg HTTP/1.1" 304 - "http://localhost:3000/welcome" "Mozilla/5.0 (Macintosh; Intel Mac OS X 10_13) AppleWebKit/604.1.31 (KHTML, like Gecko) Version/11.0 Safari/604.1.31"
::1 - - [25/Aug/2017:10:56:41 +0000] "GET /styles/signup_page.css HTTP/1.1" 304 - "http://localhost:3000/welcome" "Mozilla/5.0 (Macintosh; Intel Mac OS X 10_13) AppleWebKit/604.1.31 (KHTML, like Gecko) Version/11.0 Safari/604.1.31"
::1 - - [25/Aug/2017:10:56:41 +0000] "GET /dependencies/messg-2.1.0/index.css HTTP/1.1" 304 - "http://localhost:3000/welcome" "Mozilla/5.0 (Macintosh; Intel Mac OS X 10_13) AppleWebKit/604.1.31 (KHTML, like Gecko) Version/11.0 Safari/604.1.31"
::1 - - [25/Aug/2017:10:56:41 +0000] "GET /fonts/mr.woff HTTP/1.1" 304 - "http://localhost:3000/welcome" "Mozilla/5.0 (Macintosh; Intel Mac OS X 10_13) AppleWebKit/604.1.31 (KHTML, like Gecko) Version/11.0 Safari/604.1.31"
::1 - - [25/Aug/2017:10:56:41 +0000] "GET /fonts/fontawesome-webfont.woff?v=4.2.0 HTTP/1.1" 304 - "http://localhost:3000/welcome" "Mozilla/5.0 (Macintosh; Intel Mac OS X 10_13) AppleWebKit/604.1.31 (KHTML, like Gecko) Version/11.0 Safari/604.1.31"
::1 - - [25/Aug/2017:10:57:05 +0000] "POST /signup HTTP/1.1" 302 60 "http://localhost:3000/welcome" "Mozilla/5.0 (Macintosh; Intel Mac OS X 10_13) AppleWebKit/604.1.31 (KHTML, like Gecko) Version/11.0 Safari/604.1.31"
::1 - - [25/Aug/2017:10:57:05 +0000] "GET /welcome HTTP/1.1" 200 11925 "http://localhost:3000/welcome" "Mozilla/5.0 (Macintosh; Intel Mac OS X 10_13) AppleWebKit/604.1.31 (KHTML, like Gecko) Version/11.0 Safari/604.1.31"
::1 - - [25/Aug/2017:10:57:05 +0000] "GET /styles/signup_page.css HTTP/1.1" 304 - "http://localhost:3000/welcome" "Mozilla/5.0 (Macintosh; Intel Mac OS X 10_13) AppleWebKit/604.1.31 (KHTML, like Gecko) Version/11.0 Safari/604.1.31"
::1 - - [25/Aug/2017:10:57:05 +0000] "GET /dependencies/messg-2.1.0/index.css HTTP/1.1" 304 - "http://localhost:3000/welcome" "Mozilla/5.0 (Macintosh; Intel Mac OS X 10_13) AppleWebKit/604.1.31 (KHTML, like Gecko) Version/11.0 Safari/604.1.31"
::1 - - [25/Aug/2017:10:57:05 +0000] "GET /dependencies/jquery/js/jquery-3.1.1.js HTTP/1.1" 304 - "http://localhost:3000/welcome" "Mozilla/5.0 (Macintosh; Intel Mac OS X 10_13) AppleWebKit/604.1.31 (KHTML, like Gecko) Version/11.0 Safari/604.1.31"
::1 - - [25/Aug/2017:10:57:05 +0000] "GET /dependencies/jquery/js/jquery-ui.js HTTP/1.1" 304 - "http://localhost:3000/welcome" "Mozilla/5.0 (Macintosh; Intel Mac OS X 10_13) AppleWebKit/604.1.31 (KHTML, like Gecko) Version/11.0 Safari/604.1.31"
::1 - - [25/Aug/2017:10:57:05 +0000] "GET /dependencies/bootstrap/js/bootstrap.min.js HTTP/1.1" 304 - "http://localhost:3000/welcome" "Mozilla/5.0 (Macintosh; Intel Mac OS X 10_13) AppleWebKit/604.1.31 (KHTML, like Gecko) Version/11.0 Safari/604.1.31"
::1 - - [25/Aug/2017:10:57:05 +0000] "GET /dependencies/prefixfree/prefixfree.min.js HTTP/1.1" 304 - "http://localhost:3000/welcome" "Mozilla/5.0 (Macintosh; Intel Mac OS X 10_13) AppleWebKit/604.1.31 (KHTML, like Gecko) Version/11.0 Safari/604.1.31"
::1 - - [25/Aug/2017:10:57:05 +0000] "GET /js/tips.js HTTP/1.1" 304 - "http://localhost:3000/welcome" "Mozilla/5.0 (Macintosh; Intel Mac OS X 10_13) AppleWebKit/604.1.31 (KHTML, like Gecko) Version/11.0 Safari/604.1.31"
::1 - - [25/Aug/2017:10:57:05 +0000] "GET /dependencies/messg-2.1.0/index.js HTTP/1.1" 304 - "http://localhost:3000/welcome" "Mozilla/5.0 (Macintosh; Intel Mac OS X 10_13) AppleWebKit/604.1.31 (KHTML, like Gecko) Version/11.0 Safari/604.1.31"
::1 - - [25/Aug/2017:10:57:05 +0000] "GET /js/following.js HTTP/1.1" 304 - "http://localhost:3000/welcome" "Mozilla/5.0 (Macintosh; Intel Mac OS X 10_13) AppleWebKit/604.1.31 (KHTML, like Gecko) Version/11.0 Safari/604.1.31"
::1 - - [25/Aug/2017:10:57:05 +0000] "GET /js/dynamic-elements.js HTTP/1.1" 304 - "http://localhost:3000/welcome" "Mozilla/5.0 (Macintosh; Intel Mac OS X 10_13) AppleWebKit/604.1.31 (KHTML, like Gecko) Version/11.0 Safari/604.1.31"
::1 - - [25/Aug/2017:10:57:05 +0000] "GET /js/hero.js HTTP/1.1" 304 - "http://localhost:3000/welcome" "Mozilla/5.0 (Macintosh; Intel Mac OS X 10_13) AppleWebKit/604.1.31 (KHTML, like Gecko) Version/11.0 Safari/604.1.31"
::1 - - [25/Aug/2017:10:57:05 +0000] "GET /js/modal.js HTTP/1.1" 304 - "http://localhost:3000/welcome" "Mozilla/5.0 (Macintosh; Intel Mac OS X 10_13) AppleWebKit/604.1.31 (KHTML, like Gecko) Version/11.0 Safari/604.1.31"
::1 - - [25/Aug/2017:10:57:05 +0000] "GET /js/track-messages.js HTTP/1.1" 304 - "http://localhost:3000/welcome" "Mozilla/5.0 (Macintosh; Intel Mac OS X 10_13) AppleWebKit/604.1.31 (KHTML, like Gecko) Version/11.0 Safari/604.1.31"
::1 - - [25/Aug/2017:10:57:05 +0000] "GET /js/more.js HTTP/1.1" 304 - "http://localhost:3000/welcome" "Mozilla/5.0 (Macintosh; Intel Mac OS X 10_13) AppleWebKit/604.1.31 (KHTML, like Gecko) Version/11.0 Safari/604.1.31"
::1 - - [25/Aug/2017:10:57:05 +0000] "GET /js/format.js HTTP/1.1" 304 - "http://localhost:3000/welcome" "Mozilla/5.0 (Macintosh; Intel Mac OS X 10_13) AppleWebKit/604.1.31 (KHTML, like Gecko) Version/11.0 Safari/604.1.31"
::1 - - [25/Aug/2017:10:57:05 +0000] "GET /js/auto-complete.js HTTP/1.1" 304 - "http://localhost:3000/welcome" "Mozilla/5.0 (Macintosh; Intel Mac OS X 10_13) AppleWebKit/604.1.31 (KHTML, like Gecko) Version/11.0 Safari/604.1.31"
::1 - - [25/Aug/2017:10:57:05 +0000] "GET /js/scripts.js HTTP/1.1" 304 - "http://localhost:3000/welcome" "Mozilla/5.0 (Macintosh; Intel Mac OS X 10_13) AppleWebKit/604.1.31 (KHTML, like Gecko) Version/11.0 Safari/604.1.31"
::1 - - [25/Aug/2017:10:57:05 +0000] "GET /js/classie.js HTTP/1.1" 304 - "http://localhost:3000/welcome" "Mozilla/5.0 (Macintosh; Intel Mac OS X 10_13) AppleWebKit/604.1.31 (KHTML, like Gecko) Version/11.0 Safari/604.1.31"
::1 - - [25/Aug/2017:10:57:05 +0000] "GET /images/image.jpg HTTP/1.1" 304 - "http://localhost:3000/welcome" "Mozilla/5.0 (Macintosh; Intel Mac OS X 10_13) AppleWebKit/604.1.31 (KHTML, like Gecko) Version/11.0 Safari/604.1.31"
::1 - - [25/Aug/2017:10:57:05 +0000] "GET /styles/signup_page.css HTTP/1.1" 304 - "http://localhost:3000/welcome" "Mozilla/5.0 (Macintosh; Intel Mac OS X 10_13) AppleWebKit/604.1.31 (KHTML, like Gecko) Version/11.0 Safari/604.1.31"
::1 - - [25/Aug/2017:10:57:05 +0000] "GET /dependencies/messg-2.1.0/index.css HTTP/1.1" 304 - "http://localhost:3000/welcome" "Mozilla/5.0 (Macintosh; Intel Mac OS X 10_13) AppleWebKit/604.1.31 (KHTML, like Gecko) Version/11.0 Safari/604.1.31"
::1 - - [25/Aug/2017:10:57:05 +0000] "GET /fonts/fontawesome-webfont.woff?v=4.2.0 HTTP/1.1" 304 - "http://localhost:3000/welcome" "Mozilla/5.0 (Macintosh; Intel Mac OS X 10_13) AppleWebKit/604.1.31 (KHTML, like Gecko) Version/11.0 Safari/604.1.31"
::1 - - [25/Aug/2017:10:57:05 +0000] "GET /fonts/mr.woff HTTP/1.1" 304 - "http://localhost:3000/welcome" "Mozilla/5.0 (Macintosh; Intel Mac OS X 10_13) AppleWebKit/604.1.31 (KHTML, like Gecko) Version/11.0 Safari/604.1.31"
::1 - - [25/Aug/2017:10:57:48 +0000] "GET /welcome HTTP/1.1" 200 11750 "http://localhost:3000/welcome" "Mozilla/5.0 (Macintosh; Intel Mac OS X 10_13) AppleWebKit/604.1.31 (KHTML, like Gecko) Version/11.0 Safari/604.1.31"
::1 - - [25/Aug/2017:10:57:48 +0000] "GET /styles/signup_page.css HTTP/1.1" 304 - "http://localhost:3000/welcome" "Mozilla/5.0 (Macintosh; Intel Mac OS X 10_13) AppleWebKit/604.1.31 (KHTML, like Gecko) Version/11.0 Safari/604.1.31"
::1 - - [25/Aug/2017:10:57:48 +0000] "GET /dependencies/jquery/js/jquery-3.1.1.js HTTP/1.1" 304 - "http://localhost:3000/welcome" "Mozilla/5.0 (Macintosh; Intel Mac OS X 10_13) AppleWebKit/604.1.31 (KHTML, like Gecko) Version/11.0 Safari/604.1.31"
::1 - - [25/Aug/2017:10:57:48 +0000] "GET /dependencies/jquery/js/jquery-ui.js HTTP/1.1" 304 - "http://localhost:3000/welcome" "Mozilla/5.0 (Macintosh; Intel Mac OS X 10_13) AppleWebKit/604.1.31 (KHTML, like Gecko) Version/11.0 Safari/604.1.31"
::1 - - [25/Aug/2017:10:57:48 +0000] "GET /dependencies/messg-2.1.0/index.css HTTP/1.1" 304 - "http://localhost:3000/welcome" "Mozilla/5.0 (Macintosh; Intel Mac OS X 10_13) AppleWebKit/604.1.31 (KHTML, like Gecko) Version/11.0 Safari/604.1.31"
::1 - - [25/Aug/2017:10:57:48 +0000] "GET /dependencies/messg-2.1.0/index.js HTTP/1.1" 304 - "http://localhost:3000/welcome" "Mozilla/5.0 (Macintosh; Intel Mac OS X 10_13) AppleWebKit/604.1.31 (KHTML, like Gecko) Version/11.0 Safari/604.1.31"
::1 - - [25/Aug/2017:10:57:48 +0000] "GET /dependencies/prefixfree/prefixfree.min.js HTTP/1.1" 304 - "http://localhost:3000/welcome" "Mozilla/5.0 (Macintosh; Intel Mac OS X 10_13) AppleWebKit/604.1.31 (KHTML, like Gecko) Version/11.0 Safari/604.1.31"
::1 - - [25/Aug/2017:10:57:48 +0000] "GET /dependencies/bootstrap/js/bootstrap.min.js HTTP/1.1" 304 - "http://localhost:3000/welcome" "Mozilla/5.0 (Macintosh; Intel Mac OS X 10_13) AppleWebKit/604.1.31 (KHTML, like Gecko) Version/11.0 Safari/604.1.31"
::1 - - [25/Aug/2017:10:57:48 +0000] "GET /js/dynamic-elements.js HTTP/1.1" 304 - "http://localhost:3000/welcome" "Mozilla/5.0 (Macintosh; Intel Mac OS X 10_13) AppleWebKit/604.1.31 (KHTML, like Gecko) Version/11.0 Safari/604.1.31"
::1 - - [25/Aug/2017:10:57:48 +0000] "GET /js/tips.js HTTP/1.1" 304 - "http://localhost:3000/welcome" "Mozilla/5.0 (Macintosh; Intel Mac OS X 10_13) AppleWebKit/604.1.31 (KHTML, like Gecko) Version/11.0 Safari/604.1.31"
::1 - - [25/Aug/2017:10:57:48 +0000] "GET /js/track-messages.js HTTP/1.1" 304 - "http://localhost:3000/welcome" "Mozilla/5.0 (Macintosh; Intel Mac OS X 10_13) AppleWebKit/604.1.31 (KHTML, like Gecko) Version/11.0 Safari/604.1.31"
::1 - - [25/Aug/2017:10:57:48 +0000] "GET /js/following.js HTTP/1.1" 304 - "http://localhost:3000/welcome" "Mozilla/5.0 (Macintosh; Intel Mac OS X 10_13) AppleWebKit/604.1.31 (KHTML, like Gecko) Version/11.0 Safari/604.1.31"
::1 - - [25/Aug/2017:10:57:48 +0000] "GET /js/hero.js HTTP/1.1" 304 - "http://localhost:3000/welcome" "Mozilla/5.0 (Macintosh; Intel Mac OS X 10_13) AppleWebKit/604.1.31 (KHTML, like Gecko) Version/11.0 Safari/604.1.31"
::1 - - [25/Aug/2017:10:57:48 +0000] "GET /js/auto-complete.js HTTP/1.1" 304 - "http://localhost:3000/welcome" "Mozilla/5.0 (Macintosh; Intel Mac OS X 10_13) AppleWebKit/604.1.31 (KHTML, like Gecko) Version/11.0 Safari/604.1.31"
::1 - - [25/Aug/2017:10:57:48 +0000] "GET /js/more.js HTTP/1.1" 304 - "http://localhost:3000/welcome" "Mozilla/5.0 (Macintosh; Intel Mac OS X 10_13) AppleWebKit/604.1.31 (KHTML, like Gecko) Version/11.0 Safari/604.1.31"
::1 - - [25/Aug/2017:10:57:48 +0000] "GET /js/modal.js HTTP/1.1" 304 - "http://localhost:3000/welcome" "Mozilla/5.0 (Macintosh; Intel Mac OS X 10_13) AppleWebKit/604.1.31 (KHTML, like Gecko) Version/11.0 Safari/604.1.31"
::1 - - [25/Aug/2017:10:57:48 +0000] "GET /js/format.js HTTP/1.1" 304 - "http://localhost:3000/welcome" "Mozilla/5.0 (Macintosh; Intel Mac OS X 10_13) AppleWebKit/604.1.31 (KHTML, like Gecko) Version/11.0 Safari/604.1.31"
::1 - - [25/Aug/2017:10:57:48 +0000] "GET /js/scripts.js HTTP/1.1" 304 - "http://localhost:3000/welcome" "Mozilla/5.0 (Macintosh; Intel Mac OS X 10_13) AppleWebKit/604.1.31 (KHTML, like Gecko) Version/11.0 Safari/604.1.31"
::1 - - [25/Aug/2017:10:57:48 +0000] "GET /js/classie.js HTTP/1.1" 304 - "http://localhost:3000/welcome" "Mozilla/5.0 (Macintosh; Intel Mac OS X 10_13) AppleWebKit/604.1.31 (KHTML, like Gecko) Version/11.0 Safari/604.1.31"
::1 - - [25/Aug/2017:10:57:48 +0000] "GET /dependencies/jquery/js/jquery-3.1.1.js HTTP/1.1" 304 - "http://localhost:3000/welcome" "Mozilla/5.0 (Macintosh; Intel Mac OS X 10_13) AppleWebKit/604.1.31 (KHTML, like Gecko) Version/11.0 Safari/604.1.31"
::1 - - [25/Aug/2017:10:57:48 +0000] "GET /dependencies/jquery/js/jquery-ui.js HTTP/1.1" 304 - "http://localhost:3000/welcome" "Mozilla/5.0 (Macintosh; Intel Mac OS X 10_13) AppleWebKit/604.1.31 (KHTML, like Gecko) Version/11.0 Safari/604.1.31"
::1 - - [25/Aug/2017:10:57:48 +0000] "GET /dependencies/bootstrap/js/bootstrap.min.js HTTP/1.1" 304 - "http://localhost:3000/welcome" "Mozilla/5.0 (Macintosh; Intel Mac OS X 10_13) AppleWebKit/604.1.31 (KHTML, like Gecko) Version/11.0 Safari/604.1.31"
::1 - - [25/Aug/2017:10:57:48 +0000] "GET /dependencies/messg-2.1.0/index.js HTTP/1.1" 304 - "http://localhost:3000/welcome" "Mozilla/5.0 (Macintosh; Intel Mac OS X 10_13) AppleWebKit/604.1.31 (KHTML, like Gecko) Version/11.0 Safari/604.1.31"
::1 - - [25/Aug/2017:10:57:48 +0000] "GET /dependencies/messg-2.1.0/index.css HTTP/1.1" 200 2358 "http://localhost:3000/welcome" "Mozilla/5.0 (Macintosh; Intel Mac OS X 10_13) AppleWebKit/604.1.31 (KHTML, like Gecko) Version/11.0 Safari/604.1.31"
::1 - - [25/Aug/2017:10:57:48 +0000] "GET /js/dynamic-elements.js HTTP/1.1" 304 - "http://localhost:3000/welcome" "Mozilla/5.0 (Macintosh; Intel Mac OS X 10_13) AppleWebKit/604.1.31 (KHTML, like Gecko) Version/11.0 Safari/604.1.31"
::1 - - [25/Aug/2017:10:57:48 +0000] "GET /js/track-messages.js HTTP/1.1" 304 - "http://localhost:3000/welcome" "Mozilla/5.0 (Macintosh; Intel Mac OS X 10_13) AppleWebKit/604.1.31 (KHTML, like Gecko) Version/11.0 Safari/604.1.31"
::1 - - [25/Aug/2017:10:57:48 +0000] "GET /styles/signup_page.css HTTP/1.1" 200 76849 "http://localhost:3000/welcome" "Mozilla/5.0 (Macintosh; Intel Mac OS X 10_13) AppleWebKit/604.1.31 (KHTML, like Gecko) Version/11.0 Safari/604.1.31"
::1 - - [25/Aug/2017:10:57:48 +0000] "GET /dependencies/prefixfree/prefixfree.min.js HTTP/1.1" 304 - "http://localhost:3000/welcome" "Mozilla/5.0 (Macintosh; Intel Mac OS X 10_13) AppleWebKit/604.1.31 (KHTML, like Gecko) Version/11.0 Safari/604.1.31"
::1 - - [25/Aug/2017:10:57:48 +0000] "GET /js/tips.js HTTP/1.1" 304 - "http://localhost:3000/welcome" "Mozilla/5.0 (Macintosh; Intel Mac OS X 10_13) AppleWebKit/604.1.31 (KHTML, like Gecko) Version/11.0 Safari/604.1.31"
::1 - - [25/Aug/2017:10:57:48 +0000] "GET /js/following.js HTTP/1.1" 304 - "http://localhost:3000/welcome" "Mozilla/5.0 (Macintosh; Intel Mac OS X 10_13) AppleWebKit/604.1.31 (KHTML, like Gecko) Version/11.0 Safari/604.1.31"
::1 - - [25/Aug/2017:10:57:48 +0000] "GET /js/more.js HTTP/1.1" 304 - "http://localhost:3000/welcome" "Mozilla/5.0 (Macintosh; Intel Mac OS X 10_13) AppleWebKit/604.1.31 (KHTML, like Gecko) Version/11.0 Safari/604.1.31"
::1 - - [25/Aug/2017:10:57:48 +0000] "GET /js/modal.js HTTP/1.1" 304 - "http://localhost:3000/welcome" "Mozilla/5.0 (Macintosh; Intel Mac OS X 10_13) AppleWebKit/604.1.31 (KHTML, like Gecko) Version/11.0 Safari/604.1.31"
::1 - - [25/Aug/2017:10:57:48 +0000] "GET /js/format.js HTTP/1.1" 304 - "http://localhost:3000/welcome" "Mozilla/5.0 (Macintosh; Intel Mac OS X 10_13) AppleWebKit/604.1.31 (KHTML, like Gecko) Version/11.0 Safari/604.1.31"
::1 - - [25/Aug/2017:10:57:48 +0000] "GET /js/auto-complete.js HTTP/1.1" 304 - "http://localhost:3000/welcome" "Mozilla/5.0 (Macintosh; Intel Mac OS X 10_13) AppleWebKit/604.1.31 (KHTML, like Gecko) Version/11.0 Safari/604.1.31"
::1 - - [25/Aug/2017:10:57:48 +0000] "GET /js/scripts.js HTTP/1.1" 304 - "http://localhost:3000/welcome" "Mozilla/5.0 (Macintosh; Intel Mac OS X 10_13) AppleWebKit/604.1.31 (KHTML, like Gecko) Version/11.0 Safari/604.1.31"
::1 - - [25/Aug/2017:10:57:48 +0000] "GET /js/classie.js HTTP/1.1" 304 - "http://localhost:3000/welcome" "Mozilla/5.0 (Macintosh; Intel Mac OS X 10_13) AppleWebKit/604.1.31 (KHTML, like Gecko) Version/11.0 Safari/604.1.31"
::1 - - [25/Aug/2017:10:57:48 +0000] "GET /js/hero.js HTTP/1.1" 304 - "http://localhost:3000/welcome" "Mozilla/5.0 (Macintosh; Intel Mac OS X 10_13) AppleWebKit/604.1.31 (KHTML, like Gecko) Version/11.0 Safari/604.1.31"
::1 - - [25/Aug/2017:10:57:48 +0000] "GET /fonts/mr.woff HTTP/1.1" 304 - "http://localhost:3000/welcome" "Mozilla/5.0 (Macintosh; Intel Mac OS X 10_13) AppleWebKit/604.1.31 (KHTML, like Gecko) Version/11.0 Safari/604.1.31"
::1 - - [25/Aug/2017:10:57:48 +0000] "GET /fonts/fontawesome-webfont.woff?v=4.2.0 HTTP/1.1" 304 - "http://localhost:3000/welcome" "Mozilla/5.0 (Macintosh; Intel Mac OS X 10_13) AppleWebKit/604.1.31 (KHTML, like Gecko) Version/11.0 Safari/604.1.31"
::1 - - [25/Aug/2017:10:57:48 +0000] "GET /images/image.jpg HTTP/1.1" 304 - "http://localhost:3000/welcome" "Mozilla/5.0 (Macintosh; Intel Mac OS X 10_13) AppleWebKit/604.1.31 (KHTML, like Gecko) Version/11.0 Safari/604.1.31"
::1 - - [25/Aug/2017:10:57:48 +0000] "GET /images/image.jpg HTTP/1.1" 304 - "http://localhost:3000/welcome" "Mozilla/5.0 (Macintosh; Intel Mac OS X 10_13) AppleWebKit/604.1.31 (KHTML, like Gecko) Version/11.0 Safari/604.1.31"
::1 - - [25/Aug/2017:10:57:48 +0000] "GET /styles/signup_page.css HTTP/1.1" 200 76849 "http://localhost:3000/welcome" "Mozilla/5.0 (Macintosh; Intel Mac OS X 10_13) AppleWebKit/604.1.31 (KHTML, like Gecko) Version/11.0 Safari/604.1.31"
::1 - - [25/Aug/2017:10:57:48 +0000] "GET /dependencies/messg-2.1.0/index.css HTTP/1.1" 200 2358 "http://localhost:3000/welcome" "Mozilla/5.0 (Macintosh; Intel Mac OS X 10_13) AppleWebKit/604.1.31 (KHTML, like Gecko) Version/11.0 Safari/604.1.31"
::1 - - [25/Aug/2017:10:57:48 +0000] "GET /fonts/mr.woff HTTP/1.1" 304 - "http://localhost:3000/welcome" "Mozilla/5.0 (Macintosh; Intel Mac OS X 10_13) AppleWebKit/604.1.31 (KHTML, like Gecko) Version/11.0 Safari/604.1.31"
::1 - - [25/Aug/2017:10:57:48 +0000] "GET /fonts/fontawesome-webfont.woff?v=4.2.0 HTTP/1.1" 304 - "http://localhost:3000/welcome" "Mozilla/5.0 (Macintosh; Intel Mac OS X 10_13) AppleWebKit/604.1.31 (KHTML, like Gecko) Version/11.0 Safari/604.1.31"
::1 - - [25/Aug/2017:10:57:51 +0000] "GET /dependencies/messg-2.1.0/index.css HTTP/1.1" 304 - "http://localhost:3000/welcome" "Mozilla/5.0 (Macintosh; Intel Mac OS X 10_13) AppleWebKit/604.1.31 (KHTML, like Gecko) Version/11.0 Safari/604.1.31"
::1 - - [25/Aug/2017:10:57:51 +0000] "GET /styles/signup_page.css HTTP/1.1" 304 - "http://localhost:3000/welcome" "Mozilla/5.0 (Macintosh; Intel Mac OS X 10_13) AppleWebKit/604.1.31 (KHTML, like Gecko) Version/11.0 Safari/604.1.31"
::1 - - [25/Aug/2017:10:57:51 +0000] "GET /welcome HTTP/1.1" 200 11775 "http://localhost:3000/welcome" "Mozilla/5.0 (Macintosh; Intel Mac OS X 10_13) AppleWebKit/604.1.31 (KHTML, like Gecko) Version/11.0 Safari/604.1.31"
::1 - - [25/Aug/2017:10:57:51 +0000] "GET /dependencies/bootstrap/js/bootstrap.min.js HTTP/1.1" 304 - "http://localhost:3000/welcome" "Mozilla/5.0 (Macintosh; Intel Mac OS X 10_13) AppleWebKit/604.1.31 (KHTML, like Gecko) Version/11.0 Safari/604.1.31"
::1 - - [25/Aug/2017:10:57:51 +0000] "GET /dependencies/messg-2.1.0/index.js HTTP/1.1" 304 - "http://localhost:3000/welcome" "Mozilla/5.0 (Macintosh; Intel Mac OS X 10_13) AppleWebKit/604.1.31 (KHTML, like Gecko) Version/11.0 Safari/604.1.31"
::1 - - [25/Aug/2017:10:57:51 +0000] "GET /dependencies/jquery/js/jquery-ui.js HTTP/1.1" 304 - "http://localhost:3000/welcome" "Mozilla/5.0 (Macintosh; Intel Mac OS X 10_13) AppleWebKit/604.1.31 (KHTML, like Gecko) Version/11.0 Safari/604.1.31"
::1 - - [25/Aug/2017:10:57:51 +0000] "GET /dependencies/prefixfree/prefixfree.min.js HTTP/1.1" 304 - "http://localhost:3000/welcome" "Mozilla/5.0 (Macintosh; Intel Mac OS X 10_13) AppleWebKit/604.1.31 (KHTML, like Gecko) Version/11.0 Safari/604.1.31"
::1 - - [25/Aug/2017:10:57:51 +0000] "GET /dependencies/messg-2.1.0/index.css HTTP/1.1" 200 2358 "http://localhost:3000/welcome" "Mozilla/5.0 (Macintosh; Intel Mac OS X 10_13) AppleWebKit/604.1.31 (KHTML, like Gecko) Version/11.0 Safari/604.1.31"
::1 - - [25/Aug/2017:10:57:51 +0000] "GET /js/dynamic-elements.js HTTP/1.1" 304 - "http://localhost:3000/welcome" "Mozilla/5.0 (Macintosh; Intel Mac OS X 10_13) AppleWebKit/604.1.31 (KHTML, like Gecko) Version/11.0 Safari/604.1.31"
::1 - - [25/Aug/2017:10:57:51 +0000] "GET /dependencies/jquery/js/jquery-3.1.1.js HTTP/1.1" 304 - "http://localhost:3000/welcome" "Mozilla/5.0 (Macintosh; Intel Mac OS X 10_13) AppleWebKit/604.1.31 (KHTML, like Gecko) Version/11.0 Safari/604.1.31"
::1 - - [25/Aug/2017:10:57:51 +0000] "GET /styles/signup_page.css HTTP/1.1" 200 76849 "http://localhost:3000/welcome" "Mozilla/5.0 (Macintosh; Intel Mac OS X 10_13) AppleWebKit/604.1.31 (KHTML, like Gecko) Version/11.0 Safari/604.1.31"
::1 - - [25/Aug/2017:10:57:51 +0000] "GET /js/hero.js HTTP/1.1" 304 - "http://localhost:3000/welcome" "Mozilla/5.0 (Macintosh; Intel Mac OS X 10_13) AppleWebKit/604.1.31 (KHTML, like Gecko) Version/11.0 Safari/604.1.31"
::1 - - [25/Aug/2017:10:57:51 +0000] "GET /js/track-messages.js HTTP/1.1" 304 - "http://localhost:3000/welcome" "Mozilla/5.0 (Macintosh; Intel Mac OS X 10_13) AppleWebKit/604.1.31 (KHTML, like Gecko) Version/11.0 Safari/604.1.31"
::1 - - [25/Aug/2017:10:57:51 +0000] "GET /js/tips.js HTTP/1.1" 304 - "http://localhost:3000/welcome" "Mozilla/5.0 (Macintosh; Intel Mac OS X 10_13) AppleWebKit/604.1.31 (KHTML, like Gecko) Version/11.0 Safari/604.1.31"
::1 - - [25/Aug/2017:10:57:51 +0000] "GET /js/more.js HTTP/1.1" 304 - "http://localhost:3000/welcome" "Mozilla/5.0 (Macintosh; Intel Mac OS X 10_13) AppleWebKit/604.1.31 (KHTML, like Gecko) Version/11.0 Safari/604.1.31"
::1 - - [25/Aug/2017:10:57:51 +0000] "GET /js/modal.js HTTP/1.1" 304 - "http://localhost:3000/welcome" "Mozilla/5.0 (Macintosh; Intel Mac OS X 10_13) AppleWebKit/604.1.31 (KHTML, like Gecko) Version/11.0 Safari/604.1.31"
::1 - - [25/Aug/2017:10:57:51 +0000] "GET /js/following.js HTTP/1.1" 304 - "http://localhost:3000/welcome" "Mozilla/5.0 (Macintosh; Intel Mac OS X 10_13) AppleWebKit/604.1.31 (KHTML, like Gecko) Version/11.0 Safari/604.1.31"
::1 - - [25/Aug/2017:10:57:51 +0000] "GET /js/format.js HTTP/1.1" 304 - "http://localhost:3000/welcome" "Mozilla/5.0 (Macintosh; Intel Mac OS X 10_13) AppleWebKit/604.1.31 (KHTML, like Gecko) Version/11.0 Safari/604.1.31"
::1 - - [25/Aug/2017:10:57:51 +0000] "GET /js/classie.js HTTP/1.1" 304 - "http://localhost:3000/welcome" "Mozilla/5.0 (Macintosh; Intel Mac OS X 10_13) AppleWebKit/604.1.31 (KHTML, like Gecko) Version/11.0 Safari/604.1.31"
::1 - - [25/Aug/2017:10:57:51 +0000] "GET /js/auto-complete.js HTTP/1.1" 304 - "http://localhost:3000/welcome" "Mozilla/5.0 (Macintosh; Intel Mac OS X 10_13) AppleWebKit/604.1.31 (KHTML, like Gecko) Version/11.0 Safari/604.1.31"
::1 - - [25/Aug/2017:10:57:51 +0000] "GET /js/scripts.js HTTP/1.1" 304 - "http://localhost:3000/welcome" "Mozilla/5.0 (Macintosh; Intel Mac OS X 10_13) AppleWebKit/604.1.31 (KHTML, like Gecko) Version/11.0 Safari/604.1.31"
::1 - - [25/Aug/2017:10:57:51 +0000] "GET /styles/signup_page.css HTTP/1.1" 304 - "http://localhost:3000/welcome" "Mozilla/5.0 (Macintosh; Intel Mac OS X 10_13) AppleWebKit/604.1.31 (KHTML, like Gecko) Version/11.0 Safari/604.1.31"
::1 - - [25/Aug/2017:10:57:51 +0000] "GET /dependencies/messg-2.1.0/index.css HTTP/1.1" 200 2358 "http://localhost:3000/welcome" "Mozilla/5.0 (Macintosh; Intel Mac OS X 10_13) AppleWebKit/604.1.31 (KHTML, like Gecko) Version/11.0 Safari/604.1.31"
::1 - - [25/Aug/2017:10:57:51 +0000] "GET /images/image.jpg HTTP/1.1" 304 - "http://localhost:3000/welcome" "Mozilla/5.0 (Macintosh; Intel Mac OS X 10_13) AppleWebKit/604.1.31 (KHTML, like Gecko) Version/11.0 Safari/604.1.31"
::1 - - [25/Aug/2017:10:57:51 +0000] "GET /fonts/fontawesome-webfont.woff?v=4.2.0 HTTP/1.1" 304 - "http://localhost:3000/welcome" "Mozilla/5.0 (Macintosh; Intel Mac OS X 10_13) AppleWebKit/604.1.31 (KHTML, like Gecko) Version/11.0 Safari/604.1.31"
::1 - - [25/Aug/2017:10:57:51 +0000] "GET /fonts/mr.woff HTTP/1.1" 304 - "http://localhost:3000/welcome" "Mozilla/5.0 (Macintosh; Intel Mac OS X 10_13) AppleWebKit/604.1.31 (KHTML, like Gecko) Version/11.0 Safari/604.1.31"
::1 - - [25/Aug/2017:10:57:55 +0000] "GET /dependencies/messg-2.1.0/index.css HTTP/1.1" 304 - "http://localhost:3000/welcome" "Mozilla/5.0 (Macintosh; Intel Mac OS X 10_13) AppleWebKit/604.1.31 (KHTML, like Gecko) Version/11.0 Safari/604.1.31"
::1 - - [25/Aug/2017:10:57:55 +0000] "GET /styles/signup_page.css HTTP/1.1" 304 - "http://localhost:3000/welcome" "Mozilla/5.0 (Macintosh; Intel Mac OS X 10_13) AppleWebKit/604.1.31 (KHTML, like Gecko) Version/11.0 Safari/604.1.31"
::1 - - [25/Aug/2017:10:57:55 +0000] "GET /welcome HTTP/1.1" 200 11759 "http://localhost:3000/welcome" "Mozilla/5.0 (Macintosh; Intel Mac OS X 10_13) AppleWebKit/604.1.31 (KHTML, like Gecko) Version/11.0 Safari/604.1.31"
::1 - - [25/Aug/2017:10:57:55 +0000] "GET /dependencies/jquery/js/jquery-3.1.1.js HTTP/1.1" 304 - "http://localhost:3000/welcome" "Mozilla/5.0 (Macintosh; Intel Mac OS X 10_13) AppleWebKit/604.1.31 (KHTML, like Gecko) Version/11.0 Safari/604.1.31"
::1 - - [25/Aug/2017:10:57:55 +0000] "GET /dependencies/messg-2.1.0/index.js HTTP/1.1" 304 - "http://localhost:3000/welcome" "Mozilla/5.0 (Macintosh; Intel Mac OS X 10_13) AppleWebKit/604.1.31 (KHTML, like Gecko) Version/11.0 Safari/604.1.31"
::1 - - [25/Aug/2017:10:57:55 +0000] "GET /dependencies/bootstrap/js/bootstrap.min.js HTTP/1.1" 304 - "http://localhost:3000/welcome" "Mozilla/5.0 (Macintosh; Intel Mac OS X 10_13) AppleWebKit/604.1.31 (KHTML, like Gecko) Version/11.0 Safari/604.1.31"
::1 - - [25/Aug/2017:10:57:55 +0000] "GET /dependencies/prefixfree/prefixfree.min.js HTTP/1.1" 304 - "http://localhost:3000/welcome" "Mozilla/5.0 (Macintosh; Intel Mac OS X 10_13) AppleWebKit/604.1.31 (KHTML, like Gecko) Version/11.0 Safari/604.1.31"
::1 - - [25/Aug/2017:10:57:55 +0000] "GET /dependencies/messg-2.1.0/index.css HTTP/1.1" 200 2358 "http://localhost:3000/welcome" "Mozilla/5.0 (Macintosh; Intel Mac OS X 10_13) AppleWebKit/604.1.31 (KHTML, like Gecko) Version/11.0 Safari/604.1.31"
::1 - - [25/Aug/2017:10:57:55 +0000] "GET /dependencies/jquery/js/jquery-ui.js HTTP/1.1" 304 - "http://localhost:3000/welcome" "Mozilla/5.0 (Macintosh; Intel Mac OS X 10_13) AppleWebKit/604.1.31 (KHTML, like Gecko) Version/11.0 Safari/604.1.31"
::1 - - [25/Aug/2017:10:57:55 +0000] "GET /js/track-messages.js HTTP/1.1" 304 - "http://localhost:3000/welcome" "Mozilla/5.0 (Macintosh; Intel Mac OS X 10_13) AppleWebKit/604.1.31 (KHTML, like Gecko) Version/11.0 Safari/604.1.31"
::1 - - [25/Aug/2017:10:57:55 +0000] "GET /js/following.js HTTP/1.1" 304 - "http://localhost:3000/welcome" "Mozilla/5.0 (Macintosh; Intel Mac OS X 10_13) AppleWebKit/604.1.31 (KHTML, like Gecko) Version/11.0 Safari/604.1.31"
::1 - - [25/Aug/2017:10:57:55 +0000] "GET /js/tips.js HTTP/1.1" 304 - "http://localhost:3000/welcome" "Mozilla/5.0 (Macintosh; Intel Mac OS X 10_13) AppleWebKit/604.1.31 (KHTML, like Gecko) Version/11.0 Safari/604.1.31"
::1 - - [25/Aug/2017:10:57:55 +0000] "GET /styles/signup_page.css HTTP/1.1" 200 76849 "http://localhost:3000/welcome" "Mozilla/5.0 (Macintosh; Intel Mac OS X 10_13) AppleWebKit/604.1.31 (KHTML, like Gecko) Version/11.0 Safari/604.1.31"
::1 - - [25/Aug/2017:10:57:55 +0000] "GET /js/dynamic-elements.js HTTP/1.1" 304 - "http://localhost:3000/welcome" "Mozilla/5.0 (Macintosh; Intel Mac OS X 10_13) AppleWebKit/604.1.31 (KHTML, like Gecko) Version/11.0 Safari/604.1.31"
::1 - - [25/Aug/2017:10:57:55 +0000] "GET /js/modal.js HTTP/1.1" 304 - "http://localhost:3000/welcome" "Mozilla/5.0 (Macintosh; Intel Mac OS X 10_13) AppleWebKit/604.1.31 (KHTML, like Gecko) Version/11.0 Safari/604.1.31"
::1 - - [25/Aug/2017:10:57:55 +0000] "GET /js/hero.js HTTP/1.1" 304 - "http://localhost:3000/welcome" "Mozilla/5.0 (Macintosh; Intel Mac OS X 10_13) AppleWebKit/604.1.31 (KHTML, like Gecko) Version/11.0 Safari/604.1.31"
::1 - - [25/Aug/2017:10:57:55 +0000] "GET /js/more.js HTTP/1.1" 304 - "http://localhost:3000/welcome" "Mozilla/5.0 (Macintosh; Intel Mac OS X 10_13) AppleWebKit/604.1.31 (KHTML, like Gecko) Version/11.0 Safari/604.1.31"
::1 - - [25/Aug/2017:10:57:55 +0000] "GET /js/format.js HTTP/1.1" 304 - "http://localhost:3000/welcome" "Mozilla/5.0 (Macintosh; Intel Mac OS X 10_13) AppleWebKit/604.1.31 (KHTML, like Gecko) Version/11.0 Safari/604.1.31"
::1 - - [25/Aug/2017:10:57:55 +0000] "GET /js/auto-complete.js HTTP/1.1" 304 - "http://localhost:3000/welcome" "Mozilla/5.0 (Macintosh; Intel Mac OS X 10_13) AppleWebKit/604.1.31 (KHTML, like Gecko) Version/11.0 Safari/604.1.31"
::1 - - [25/Aug/2017:10:57:55 +0000] "GET /js/scripts.js HTTP/1.1" 304 - "http://localhost:3000/welcome" "Mozilla/5.0 (Macintosh; Intel Mac OS X 10_13) AppleWebKit/604.1.31 (KHTML, like Gecko) Version/11.0 Safari/604.1.31"
::1 - - [25/Aug/2017:10:57:55 +0000] "GET /js/classie.js HTTP/1.1" 304 - "http://localhost:3000/welcome" "Mozilla/5.0 (Macintosh; Intel Mac OS X 10_13) AppleWebKit/604.1.31 (KHTML, like Gecko) Version/11.0 Safari/604.1.31"
::1 - - [25/Aug/2017:10:57:55 +0000] "GET /styles/signup_page.css HTTP/1.1" 304 - "http://localhost:3000/welcome" "Mozilla/5.0 (Macintosh; Intel Mac OS X 10_13) AppleWebKit/604.1.31 (KHTML, like Gecko) Version/11.0 Safari/604.1.31"
::1 - - [25/Aug/2017:10:57:55 +0000] "GET /dependencies/messg-2.1.0/index.css HTTP/1.1" 200 2358 "http://localhost:3000/welcome" "Mozilla/5.0 (Macintosh; Intel Mac OS X 10_13) AppleWebKit/604.1.31 (KHTML, like Gecko) Version/11.0 Safari/604.1.31"
::1 - - [25/Aug/2017:10:57:55 +0000] "GET /images/image.jpg HTTP/1.1" 304 - "http://localhost:3000/welcome" "Mozilla/5.0 (Macintosh; Intel Mac OS X 10_13) AppleWebKit/604.1.31 (KHTML, like Gecko) Version/11.0 Safari/604.1.31"
::1 - - [25/Aug/2017:10:57:55 +0000] "GET /fonts/mr.woff HTTP/1.1" 304 - "http://localhost:3000/welcome" "Mozilla/5.0 (Macintosh; Intel Mac OS X 10_13) AppleWebKit/604.1.31 (KHTML, like Gecko) Version/11.0 Safari/604.1.31"
::1 - - [25/Aug/2017:10:57:55 +0000] "GET /fonts/fontawesome-webfont.woff?v=4.2.0 HTTP/1.1" 304 - "http://localhost:3000/welcome" "Mozilla/5.0 (Macintosh; Intel Mac OS X 10_13) AppleWebKit/604.1.31 (KHTML, like Gecko) Version/11.0 Safari/604.1.31"
::1 - - [25/Aug/2017:10:57:59 +0000] "GET /styles/signup_page.css HTTP/1.1" 304 - "http://localhost:3000/welcome" "Mozilla/5.0 (Macintosh; Intel Mac OS X 10_13) AppleWebKit/604.1.31 (KHTML, like Gecko) Version/11.0 Safari/604.1.31"
::1 - - [25/Aug/2017:10:57:59 +0000] "GET /dependencies/messg-2.1.0/index.css HTTP/1.1" 304 - "http://localhost:3000/welcome" "Mozilla/5.0 (Macintosh; Intel Mac OS X 10_13) AppleWebKit/604.1.31 (KHTML, like Gecko) Version/11.0 Safari/604.1.31"
::1 - - [25/Aug/2017:10:57:59 +0000] "GET /welcome HTTP/1.1" 200 11772 "http://localhost:3000/welcome" "Mozilla/5.0 (Macintosh; Intel Mac OS X 10_13) AppleWebKit/604.1.31 (KHTML, like Gecko) Version/11.0 Safari/604.1.31"
::1 - - [25/Aug/2017:10:57:59 +0000] "GET /dependencies/jquery/js/jquery-3.1.1.js HTTP/1.1" 304 - "http://localhost:3000/welcome" "Mozilla/5.0 (Macintosh; Intel Mac OS X 10_13) AppleWebKit/604.1.31 (KHTML, like Gecko) Version/11.0 Safari/604.1.31"
::1 - - [25/Aug/2017:10:57:59 +0000] "GET /dependencies/bootstrap/js/bootstrap.min.js HTTP/1.1" 304 - "http://localhost:3000/welcome" "Mozilla/5.0 (Macintosh; Intel Mac OS X 10_13) AppleWebKit/604.1.31 (KHTML, like Gecko) Version/11.0 Safari/604.1.31"
::1 - - [25/Aug/2017:10:57:59 +0000] "GET /dependencies/messg-2.1.0/index.js HTTP/1.1" 304 - "http://localhost:3000/welcome" "Mozilla/5.0 (Macintosh; Intel Mac OS X 10_13) AppleWebKit/604.1.31 (KHTML, like Gecko) Version/11.0 Safari/604.1.31"
::1 - - [25/Aug/2017:10:57:59 +0000] "GET /dependencies/prefixfree/prefixfree.min.js HTTP/1.1" 304 - "http://localhost:3000/welcome" "Mozilla/5.0 (Macintosh; Intel Mac OS X 10_13) AppleWebKit/604.1.31 (KHTML, like Gecko) Version/11.0 Safari/604.1.31"
::1 - - [25/Aug/2017:10:57:59 +0000] "GET /dependencies/messg-2.1.0/index.css HTTP/1.1" 200 2358 "http://localhost:3000/welcome" "Mozilla/5.0 (Macintosh; Intel Mac OS X 10_13) AppleWebKit/604.1.31 (KHTML, like Gecko) Version/11.0 Safari/604.1.31"
::1 - - [25/Aug/2017:10:57:59 +0000] "GET /js/dynamic-elements.js HTTP/1.1" 304 - "http://localhost:3000/welcome" "Mozilla/5.0 (Macintosh; Intel Mac OS X 10_13) AppleWebKit/604.1.31 (KHTML, like Gecko) Version/11.0 Safari/604.1.31"
::1 - - [25/Aug/2017:10:57:59 +0000] "GET /dependencies/jquery/js/jquery-ui.js HTTP/1.1" 304 - "http://localhost:3000/welcome" "Mozilla/5.0 (Macintosh; Intel Mac OS X 10_13) AppleWebKit/604.1.31 (KHTML, like Gecko) Version/11.0 Safari/604.1.31"
::1 - - [25/Aug/2017:10:57:59 +0000] "GET /styles/signup_page.css HTTP/1.1" 200 76849 "http://localhost:3000/welcome" "Mozilla/5.0 (Macintosh; Intel Mac OS X 10_13) AppleWebKit/604.1.31 (KHTML, like Gecko) Version/11.0 Safari/604.1.31"
::1 - - [25/Aug/2017:10:57:59 +0000] "GET /js/tips.js HTTP/1.1" 304 - "http://localhost:3000/welcome" "Mozilla/5.0 (Macintosh; Intel Mac OS X 10_13) AppleWebKit/604.1.31 (KHTML, like Gecko) Version/11.0 Safari/604.1.31"
::1 - - [25/Aug/2017:10:57:59 +0000] "GET /js/track-messages.js HTTP/1.1" 304 - "http://localhost:3000/welcome" "Mozilla/5.0 (Macintosh; Intel Mac OS X 10_13) AppleWebKit/604.1.31 (KHTML, like Gecko) Version/11.0 Safari/604.1.31"
::1 - - [25/Aug/2017:10:57:59 +0000] "GET /js/more.js HTTP/1.1" 304 - "http://localhost:3000/welcome" "Mozilla/5.0 (Macintosh; Intel Mac OS X 10_13) AppleWebKit/604.1.31 (KHTML, like Gecko) Version/11.0 Safari/604.1.31"
::1 - - [25/Aug/2017:10:57:59 +0000] "GET /js/following.js HTTP/1.1" 304 - "http://localhost:3000/welcome" "Mozilla/5.0 (Macintosh; Intel Mac OS X 10_13) AppleWebKit/604.1.31 (KHTML, like Gecko) Version/11.0 Safari/604.1.31"
::1 - - [25/Aug/2017:10:57:59 +0000] "GET /js/format.js HTTP/1.1" 304 - "http://localhost:3000/welcome" "Mozilla/5.0 (Macintosh; Intel Mac OS X 10_13) AppleWebKit/604.1.31 (KHTML, like Gecko) Version/11.0 Safari/604.1.31"
::1 - - [25/Aug/2017:10:57:59 +0000] "GET /js/hero.js HTTP/1.1" 304 - "http://localhost:3000/welcome" "Mozilla/5.0 (Macintosh; Intel Mac OS X 10_13) AppleWebKit/604.1.31 (KHTML, like Gecko) Version/11.0 Safari/604.1.31"
::1 - - [25/Aug/2017:10:57:59 +0000] "GET /js/modal.js HTTP/1.1" 304 - "http://localhost:3000/welcome" "Mozilla/5.0 (Macintosh; Intel Mac OS X 10_13) AppleWebKit/604.1.31 (KHTML, like Gecko) Version/11.0 Safari/604.1.31"
::1 - - [25/Aug/2017:10:57:59 +0000] "GET /js/classie.js HTTP/1.1" 304 - "http://localhost:3000/welcome" "Mozilla/5.0 (Macintosh; Intel Mac OS X 10_13) AppleWebKit/604.1.31 (KHTML, like Gecko) Version/11.0 Safari/604.1.31"
::1 - - [25/Aug/2017:10:57:59 +0000] "GET /js/auto-complete.js HTTP/1.1" 304 - "http://localhost:3000/welcome" "Mozilla/5.0 (Macintosh; Intel Mac OS X 10_13) AppleWebKit/604.1.31 (KHTML, like Gecko) Version/11.0 Safari/604.1.31"
::1 - - [25/Aug/2017:10:57:59 +0000] "GET /js/scripts.js HTTP/1.1" 304 - "http://localhost:3000/welcome" "Mozilla/5.0 (Macintosh; Intel Mac OS X 10_13) AppleWebKit/604.1.31 (KHTML, like Gecko) Version/11.0 Safari/604.1.31"
::1 - - [25/Aug/2017:10:57:59 +0000] "GET /styles/signup_page.css HTTP/1.1" 304 - "http://localhost:3000/welcome" "Mozilla/5.0 (Macintosh; Intel Mac OS X 10_13) AppleWebKit/604.1.31 (KHTML, like Gecko) Version/11.0 Safari/604.1.31"
::1 - - [25/Aug/2017:10:57:59 +0000] "GET /dependencies/messg-2.1.0/index.css HTTP/1.1" 200 2358 "http://localhost:3000/welcome" "Mozilla/5.0 (Macintosh; Intel Mac OS X 10_13) AppleWebKit/604.1.31 (KHTML, like Gecko) Version/11.0 Safari/604.1.31"
::1 - - [25/Aug/2017:10:57:59 +0000] "GET /images/image.jpg HTTP/1.1" 304 - "http://localhost:3000/welcome" "Mozilla/5.0 (Macintosh; Intel Mac OS X 10_13) AppleWebKit/604.1.31 (KHTML, like Gecko) Version/11.0 Safari/604.1.31"
::1 - - [25/Aug/2017:10:57:59 +0000] "GET /fonts/fontawesome-webfont.woff?v=4.2.0 HTTP/1.1" 304 - "http://localhost:3000/welcome" "Mozilla/5.0 (Macintosh; Intel Mac OS X 10_13) AppleWebKit/604.1.31 (KHTML, like Gecko) Version/11.0 Safari/604.1.31"
::1 - - [25/Aug/2017:10:57:59 +0000] "GET /fonts/mr.woff HTTP/1.1" 304 - "http://localhost:3000/welcome" "Mozilla/5.0 (Macintosh; Intel Mac OS X 10_13) AppleWebKit/604.1.31 (KHTML, like Gecko) Version/11.0 Safari/604.1.31"
::1 - - [25/Aug/2017:10:58:01 +0000] "GET /dependencies/messg-2.1.0/index.css HTTP/1.1" 304 - "http://localhost:3000/welcome" "Mozilla/5.0 (Macintosh; Intel Mac OS X 10_13) AppleWebKit/604.1.31 (KHTML, like Gecko) Version/11.0 Safari/604.1.31"
::1 - - [25/Aug/2017:10:58:01 +0000] "GET /styles/signup_page.css HTTP/1.1" 304 - "http://localhost:3000/welcome" "Mozilla/5.0 (Macintosh; Intel Mac OS X 10_13) AppleWebKit/604.1.31 (KHTML, like Gecko) Version/11.0 Safari/604.1.31"
::1 - - [25/Aug/2017:10:58:01 +0000] "GET /welcome HTTP/1.1" 200 11775 "http://localhost:3000/welcome" "Mozilla/5.0 (Macintosh; Intel Mac OS X 10_13) AppleWebKit/604.1.31 (KHTML, like Gecko) Version/11.0 Safari/604.1.31"
::1 - - [25/Aug/2017:10:58:01 +0000] "GET /styles/signup_page.css HTTP/1.1" 200 76849 "http://localhost:3000/welcome" "Mozilla/5.0 (Macintosh; Intel Mac OS X 10_13) AppleWebKit/604.1.31 (KHTML, like Gecko) Version/11.0 Safari/604.1.31"
::1 - - [25/Aug/2017:10:58:01 +0000] "GET /dependencies/jquery/js/jquery-3.1.1.js HTTP/1.1" 304 - "http://localhost:3000/welcome" "Mozilla/5.0 (Macintosh; Intel Mac OS X 10_13) AppleWebKit/604.1.31 (KHTML, like Gecko) Version/11.0 Safari/604.1.31"
::1 - - [25/Aug/2017:10:58:01 +0000] "GET /dependencies/messg-2.1.0/index.js HTTP/1.1" 304 - "http://localhost:3000/welcome" "Mozilla/5.0 (Macintosh; Intel Mac OS X 10_13) AppleWebKit/604.1.31 (KHTML, like Gecko) Version/11.0 Safari/604.1.31"
::1 - - [25/Aug/2017:10:58:01 +0000] "GET /dependencies/prefixfree/prefixfree.min.js HTTP/1.1" 304 - "http://localhost:3000/welcome" "Mozilla/5.0 (Macintosh; Intel Mac OS X 10_13) AppleWebKit/604.1.31 (KHTML, like Gecko) Version/11.0 Safari/604.1.31"
::1 - - [25/Aug/2017:10:58:01 +0000] "GET /dependencies/messg-2.1.0/index.css HTTP/1.1" 200 2358 "http://localhost:3000/welcome" "Mozilla/5.0 (Macintosh; Intel Mac OS X 10_13) AppleWebKit/604.1.31 (KHTML, like Gecko) Version/11.0 Safari/604.1.31"
::1 - - [25/Aug/2017:10:58:01 +0000] "GET /js/tips.js HTTP/1.1" 304 - "http://localhost:3000/welcome" "Mozilla/5.0 (Macintosh; Intel Mac OS X 10_13) AppleWebKit/604.1.31 (KHTML, like Gecko) Version/11.0 Safari/604.1.31"
::1 - - [25/Aug/2017:10:58:01 +0000] "GET /js/dynamic-elements.js HTTP/1.1" 304 - "http://localhost:3000/welcome" "Mozilla/5.0 (Macintosh; Intel Mac OS X 10_13) AppleWebKit/604.1.31 (KHTML, like Gecko) Version/11.0 Safari/604.1.31"
::1 - - [25/Aug/2017:10:58:01 +0000] "GET /js/following.js HTTP/1.1" 304 - "http://localhost:3000/welcome" "Mozilla/5.0 (Macintosh; Intel Mac OS X 10_13) AppleWebKit/604.1.31 (KHTML, like Gecko) Version/11.0 Safari/604.1.31"
::1 - - [25/Aug/2017:10:58:01 +0000] "GET /js/track-messages.js HTTP/1.1" 304 - "http://localhost:3000/welcome" "Mozilla/5.0 (Macintosh; Intel Mac OS X 10_13) AppleWebKit/604.1.31 (KHTML, like Gecko) Version/11.0 Safari/604.1.31"
::1 - - [25/Aug/2017:10:58:01 +0000] "GET /dependencies/jquery/js/jquery-ui.js HTTP/1.1" 304 - "http://localhost:3000/welcome" "Mozilla/5.0 (Macintosh; Intel Mac OS X 10_13) AppleWebKit/604.1.31 (KHTML, like Gecko) Version/11.0 Safari/604.1.31"
::1 - - [25/Aug/2017:10:58:01 +0000] "GET /dependencies/bootstrap/js/bootstrap.min.js HTTP/1.1" 304 - "http://localhost:3000/welcome" "Mozilla/5.0 (Macintosh; Intel Mac OS X 10_13) AppleWebKit/604.1.31 (KHTML, like Gecko) Version/11.0 Safari/604.1.31"
::1 - - [25/Aug/2017:10:58:01 +0000] "GET /js/more.js HTTP/1.1" 304 - "http://localhost:3000/welcome" "Mozilla/5.0 (Macintosh; Intel Mac OS X 10_13) AppleWebKit/604.1.31 (KHTML, like Gecko) Version/11.0 Safari/604.1.31"
::1 - - [25/Aug/2017:10:58:01 +0000] "GET /js/hero.js HTTP/1.1" 304 - "http://localhost:3000/welcome" "Mozilla/5.0 (Macintosh; Intel Mac OS X 10_13) AppleWebKit/604.1.31 (KHTML, like Gecko) Version/11.0 Safari/604.1.31"
::1 - - [25/Aug/2017:10:58:01 +0000] "GET /js/modal.js HTTP/1.1" 304 - "http://localhost:3000/welcome" "Mozilla/5.0 (Macintosh; Intel Mac OS X 10_13) AppleWebKit/604.1.31 (KHTML, like Gecko) Version/11.0 Safari/604.1.31"
::1 - - [25/Aug/2017:10:58:01 +0000] "GET /js/scripts.js HTTP/1.1" 304 - "http://localhost:3000/welcome" "Mozilla/5.0 (Macintosh; Intel Mac OS X 10_13) AppleWebKit/604.1.31 (KHTML, like Gecko) Version/11.0 Safari/604.1.31"
::1 - - [25/Aug/2017:10:58:01 +0000] "GET /js/classie.js HTTP/1.1" 304 - "http://localhost:3000/welcome" "Mozilla/5.0 (Macintosh; Intel Mac OS X 10_13) AppleWebKit/604.1.31 (KHTML, like Gecko) Version/11.0 Safari/604.1.31"
::1 - - [25/Aug/2017:10:58:01 +0000] "GET /js/auto-complete.js HTTP/1.1" 304 - "http://localhost:3000/welcome" "Mozilla/5.0 (Macintosh; Intel Mac OS X 10_13) AppleWebKit/604.1.31 (KHTML, like Gecko) Version/11.0 Safari/604.1.31"
::1 - - [25/Aug/2017:10:58:01 +0000] "GET /js/format.js HTTP/1.1" 304 - "http://localhost:3000/welcome" "Mozilla/5.0 (Macintosh; Intel Mac OS X 10_13) AppleWebKit/604.1.31 (KHTML, like Gecko) Version/11.0 Safari/604.1.31"
::1 - - [25/Aug/2017:10:58:01 +0000] "GET /styles/signup_page.css HTTP/1.1" 304 - "http://localhost:3000/welcome" "Mozilla/5.0 (Macintosh; Intel Mac OS X 10_13) AppleWebKit/604.1.31 (KHTML, like Gecko) Version/11.0 Safari/604.1.31"
::1 - - [25/Aug/2017:10:58:01 +0000] "GET /dependencies/messg-2.1.0/index.css HTTP/1.1" 200 2358 "http://localhost:3000/welcome" "Mozilla/5.0 (Macintosh; Intel Mac OS X 10_13) AppleWebKit/604.1.31 (KHTML, like Gecko) Version/11.0 Safari/604.1.31"
::1 - - [25/Aug/2017:10:58:01 +0000] "GET /images/image.jpg HTTP/1.1" 304 - "http://localhost:3000/welcome" "Mozilla/5.0 (Macintosh; Intel Mac OS X 10_13) AppleWebKit/604.1.31 (KHTML, like Gecko) Version/11.0 Safari/604.1.31"
::1 - - [25/Aug/2017:10:58:01 +0000] "GET /fonts/mr.woff HTTP/1.1" 304 - "http://localhost:3000/welcome" "Mozilla/5.0 (Macintosh; Intel Mac OS X 10_13) AppleWebKit/604.1.31 (KHTML, like Gecko) Version/11.0 Safari/604.1.31"
::1 - - [25/Aug/2017:10:58:01 +0000] "GET /fonts/fontawesome-webfont.woff?v=4.2.0 HTTP/1.1" 304 - "http://localhost:3000/welcome" "Mozilla/5.0 (Macintosh; Intel Mac OS X 10_13) AppleWebKit/604.1.31 (KHTML, like Gecko) Version/11.0 Safari/604.1.31"
::1 - - [25/Aug/2017:10:58:59 +0000] "GET /dependencies/messg-2.1.0/index.css HTTP/1.1" 304 - "http://localhost:3000/welcome" "Mozilla/5.0 (Macintosh; Intel Mac OS X 10_13) AppleWebKit/604.1.31 (KHTML, like Gecko) Version/11.0 Safari/604.1.31"
::1 - - [25/Aug/2017:10:58:59 +0000] "GET /styles/signup_page.css HTTP/1.1" 304 - "http://localhost:3000/welcome" "Mozilla/5.0 (Macintosh; Intel Mac OS X 10_13) AppleWebKit/604.1.31 (KHTML, like Gecko) Version/11.0 Safari/604.1.31"
::1 - - [25/Aug/2017:10:58:59 +0000] "GET /welcome HTTP/1.1" 200 11777 "http://localhost:3000/welcome" "Mozilla/5.0 (Macintosh; Intel Mac OS X 10_13) AppleWebKit/604.1.31 (KHTML, like Gecko) Version/11.0 Safari/604.1.31"
::1 - - [25/Aug/2017:10:58:59 +0000] "GET /dependencies/bootstrap/js/bootstrap.min.js HTTP/1.1" 304 - "http://localhost:3000/welcome" "Mozilla/5.0 (Macintosh; Intel Mac OS X 10_13) AppleWebKit/604.1.31 (KHTML, like Gecko) Version/11.0 Safari/604.1.31"
::1 - - [25/Aug/2017:10:58:59 +0000] "GET /dependencies/messg-2.1.0/index.css HTTP/1.1" 200 2358 "http://localhost:3000/welcome" "Mozilla/5.0 (Macintosh; Intel Mac OS X 10_13) AppleWebKit/604.1.31 (KHTML, like Gecko) Version/11.0 Safari/604.1.31"
::1 - - [25/Aug/2017:10:58:59 +0000] "GET /styles/signup_page.css HTTP/1.1" 200 76849 "http://localhost:3000/welcome" "Mozilla/5.0 (Macintosh; Intel Mac OS X 10_13) AppleWebKit/604.1.31 (KHTML, like Gecko) Version/11.0 Safari/604.1.31"
::1 - - [25/Aug/2017:10:58:59 +0000] "GET /dependencies/jquery/js/jquery-ui.js HTTP/1.1" 304 - "http://localhost:3000/welcome" "Mozilla/5.0 (Macintosh; Intel Mac OS X 10_13) AppleWebKit/604.1.31 (KHTML, like Gecko) Version/11.0 Safari/604.1.31"
::1 - - [25/Aug/2017:10:58:59 +0000] "GET /js/dynamic-elements.js HTTP/1.1" 304 - "http://localhost:3000/welcome" "Mozilla/5.0 (Macintosh; Intel Mac OS X 10_13) AppleWebKit/604.1.31 (KHTML, like Gecko) Version/11.0 Safari/604.1.31"
::1 - - [25/Aug/2017:10:58:59 +0000] "GET /js/tips.js HTTP/1.1" 304 - "http://localhost:3000/welcome" "Mozilla/5.0 (Macintosh; Intel Mac OS X 10_13) AppleWebKit/604.1.31 (KHTML, like Gecko) Version/11.0 Safari/604.1.31"
::1 - - [25/Aug/2017:10:58:59 +0000] "GET /dependencies/jquery/js/jquery-3.1.1.js HTTP/1.1" 304 - "http://localhost:3000/welcome" "Mozilla/5.0 (Macintosh; Intel Mac OS X 10_13) AppleWebKit/604.1.31 (KHTML, like Gecko) Version/11.0 Safari/604.1.31"
::1 - - [25/Aug/2017:10:58:59 +0000] "GET /dependencies/prefixfree/prefixfree.min.js HTTP/1.1" 304 - "http://localhost:3000/welcome" "Mozilla/5.0 (Macintosh; Intel Mac OS X 10_13) AppleWebKit/604.1.31 (KHTML, like Gecko) Version/11.0 Safari/604.1.31"
::1 - - [25/Aug/2017:10:58:59 +0000] "GET /dependencies/messg-2.1.0/index.js HTTP/1.1" 304 - "http://localhost:3000/welcome" "Mozilla/5.0 (Macintosh; Intel Mac OS X 10_13) AppleWebKit/604.1.31 (KHTML, like Gecko) Version/11.0 Safari/604.1.31"
::1 - - [25/Aug/2017:10:58:59 +0000] "GET /js/following.js HTTP/1.1" 304 - "http://localhost:3000/welcome" "Mozilla/5.0 (Macintosh; Intel Mac OS X 10_13) AppleWebKit/604.1.31 (KHTML, like Gecko) Version/11.0 Safari/604.1.31"
::1 - - [25/Aug/2017:10:58:59 +0000] "GET /js/track-messages.js HTTP/1.1" 304 - "http://localhost:3000/welcome" "Mozilla/5.0 (Macintosh; Intel Mac OS X 10_13) AppleWebKit/604.1.31 (KHTML, like Gecko) Version/11.0 Safari/604.1.31"
::1 - - [25/Aug/2017:10:58:59 +0000] "GET /js/hero.js HTTP/1.1" 304 - "http://localhost:3000/welcome" "Mozilla/5.0 (Macintosh; Intel Mac OS X 10_13) AppleWebKit/604.1.31 (KHTML, like Gecko) Version/11.0 Safari/604.1.31"
::1 - - [25/Aug/2017:10:58:59 +0000] "GET /js/modal.js HTTP/1.1" 304 - "http://localhost:3000/welcome" "Mozilla/5.0 (Macintosh; Intel Mac OS X 10_13) AppleWebKit/604.1.31 (KHTML, like Gecko) Version/11.0 Safari/604.1.31"
::1 - - [25/Aug/2017:10:58:59 +0000] "GET /js/more.js HTTP/1.1" 304 - "http://localhost:3000/welcome" "Mozilla/5.0 (Macintosh; Intel Mac OS X 10_13) AppleWebKit/604.1.31 (KHTML, like Gecko) Version/11.0 Safari/604.1.31"
::1 - - [25/Aug/2017:10:58:59 +0000] "GET /js/format.js HTTP/1.1" 304 - "http://localhost:3000/welcome" "Mozilla/5.0 (Macintosh; Intel Mac OS X 10_13) AppleWebKit/604.1.31 (KHTML, like Gecko) Version/11.0 Safari/604.1.31"
::1 - - [25/Aug/2017:10:58:59 +0000] "GET /js/auto-complete.js HTTP/1.1" 304 - "http://localhost:3000/welcome" "Mozilla/5.0 (Macintosh; Intel Mac OS X 10_13) AppleWebKit/604.1.31 (KHTML, like Gecko) Version/11.0 Safari/604.1.31"
::1 - - [25/Aug/2017:10:58:59 +0000] "GET /js/scripts.js HTTP/1.1" 304 - "http://localhost:3000/welcome" "Mozilla/5.0 (Macintosh; Intel Mac OS X 10_13) AppleWebKit/604.1.31 (KHTML, like Gecko) Version/11.0 Safari/604.1.31"
::1 - - [25/Aug/2017:10:58:59 +0000] "GET /js/classie.js HTTP/1.1" 304 - "http://localhost:3000/welcome" "Mozilla/5.0 (Macintosh; Intel Mac OS X 10_13) AppleWebKit/604.1.31 (KHTML, like Gecko) Version/11.0 Safari/604.1.31"
::1 - - [25/Aug/2017:10:58:59 +0000] "GET /styles/signup_page.css HTTP/1.1" 304 - "http://localhost:3000/welcome" "Mozilla/5.0 (Macintosh; Intel Mac OS X 10_13) AppleWebKit/604.1.31 (KHTML, like Gecko) Version/11.0 Safari/604.1.31"
::1 - - [25/Aug/2017:10:58:59 +0000] "GET /dependencies/messg-2.1.0/index.css HTTP/1.1" 200 2358 "http://localhost:3000/welcome" "Mozilla/5.0 (Macintosh; Intel Mac OS X 10_13) AppleWebKit/604.1.31 (KHTML, like Gecko) Version/11.0 Safari/604.1.31"
::1 - - [25/Aug/2017:10:58:59 +0000] "GET /images/image.jpg HTTP/1.1" 304 - "http://localhost:3000/welcome" "Mozilla/5.0 (Macintosh; Intel Mac OS X 10_13) AppleWebKit/604.1.31 (KHTML, like Gecko) Version/11.0 Safari/604.1.31"
::1 - - [25/Aug/2017:10:58:59 +0000] "GET /fonts/fontawesome-webfont.woff?v=4.2.0 HTTP/1.1" 304 - "http://localhost:3000/welcome" "Mozilla/5.0 (Macintosh; Intel Mac OS X 10_13) AppleWebKit/604.1.31 (KHTML, like Gecko) Version/11.0 Safari/604.1.31"
::1 - - [25/Aug/2017:10:58:59 +0000] "GET /fonts/mr.woff HTTP/1.1" 304 - "http://localhost:3000/welcome" "Mozilla/5.0 (Macintosh; Intel Mac OS X 10_13) AppleWebKit/604.1.31 (KHTML, like Gecko) Version/11.0 Safari/604.1.31"
::1 - - [25/Aug/2017:10:59:34 +0000] "POST /signup HTTP/1.1" 302 60 "http://localhost:3000/welcome" "Mozilla/5.0 (Macintosh; Intel Mac OS X 10_13) AppleWebKit/604.1.31 (KHTML, like Gecko) Version/11.0 Safari/604.1.31"
::1 - - [25/Aug/2017:10:59:34 +0000] "GET /welcome HTTP/1.1" 200 11852 "http://localhost:3000/welcome" "Mozilla/5.0 (Macintosh; Intel Mac OS X 10_13) AppleWebKit/604.1.31 (KHTML, like Gecko) Version/11.0 Safari/604.1.31"
::1 - - [25/Aug/2017:10:59:34 +0000] "GET /dependencies/messg-2.1.0/index.css HTTP/1.1" 304 - "http://localhost:3000/welcome" "Mozilla/5.0 (Macintosh; Intel Mac OS X 10_13) AppleWebKit/604.1.31 (KHTML, like Gecko) Version/11.0 Safari/604.1.31"
::1 - - [25/Aug/2017:10:59:34 +0000] "GET /styles/signup_page.css HTTP/1.1" 304 - "http://localhost:3000/welcome" "Mozilla/5.0 (Macintosh; Intel Mac OS X 10_13) AppleWebKit/604.1.31 (KHTML, like Gecko) Version/11.0 Safari/604.1.31"
::1 - - [25/Aug/2017:10:59:34 +0000] "GET /dependencies/jquery/js/jquery-3.1.1.js HTTP/1.1" 304 - "http://localhost:3000/welcome" "Mozilla/5.0 (Macintosh; Intel Mac OS X 10_13) AppleWebKit/604.1.31 (KHTML, like Gecko) Version/11.0 Safari/604.1.31"
::1 - - [25/Aug/2017:10:59:34 +0000] "GET /dependencies/bootstrap/js/bootstrap.min.js HTTP/1.1" 304 - "http://localhost:3000/welcome" "Mozilla/5.0 (Macintosh; Intel Mac OS X 10_13) AppleWebKit/604.1.31 (KHTML, like Gecko) Version/11.0 Safari/604.1.31"
::1 - - [25/Aug/2017:10:59:34 +0000] "GET /dependencies/prefixfree/prefixfree.min.js HTTP/1.1" 304 - "http://localhost:3000/welcome" "Mozilla/5.0 (Macintosh; Intel Mac OS X 10_13) AppleWebKit/604.1.31 (KHTML, like Gecko) Version/11.0 Safari/604.1.31"
::1 - - [25/Aug/2017:10:59:34 +0000] "GET /js/dynamic-elements.js HTTP/1.1" 304 - "http://localhost:3000/welcome" "Mozilla/5.0 (Macintosh; Intel Mac OS X 10_13) AppleWebKit/604.1.31 (KHTML, like Gecko) Version/11.0 Safari/604.1.31"
::1 - - [25/Aug/2017:10:59:34 +0000] "GET /js/tips.js HTTP/1.1" 304 - "http://localhost:3000/welcome" "Mozilla/5.0 (Macintosh; Intel Mac OS X 10_13) AppleWebKit/604.1.31 (KHTML, like Gecko) Version/11.0 Safari/604.1.31"
::1 - - [25/Aug/2017:10:59:34 +0000] "GET /dependencies/messg-2.1.0/index.js HTTP/1.1" 304 - "http://localhost:3000/welcome" "Mozilla/5.0 (Macintosh; Intel Mac OS X 10_13) AppleWebKit/604.1.31 (KHTML, like Gecko) Version/11.0 Safari/604.1.31"
::1 - - [25/Aug/2017:10:59:34 +0000] "GET /js/following.js HTTP/1.1" 304 - "http://localhost:3000/welcome" "Mozilla/5.0 (Macintosh; Intel Mac OS X 10_13) AppleWebKit/604.1.31 (KHTML, like Gecko) Version/11.0 Safari/604.1.31"
::1 - - [25/Aug/2017:10:59:34 +0000] "GET /js/more.js HTTP/1.1" 304 - "http://localhost:3000/welcome" "Mozilla/5.0 (Macintosh; Intel Mac OS X 10_13) AppleWebKit/604.1.31 (KHTML, like Gecko) Version/11.0 Safari/604.1.31"
::1 - - [25/Aug/2017:10:59:34 +0000] "GET /dependencies/jquery/js/jquery-ui.js HTTP/1.1" 304 - "http://localhost:3000/welcome" "Mozilla/5.0 (Macintosh; Intel Mac OS X 10_13) AppleWebKit/604.1.31 (KHTML, like Gecko) Version/11.0 Safari/604.1.31"
::1 - - [25/Aug/2017:10:59:34 +0000] "GET /js/hero.js HTTP/1.1" 304 - "http://localhost:3000/welcome" "Mozilla/5.0 (Macintosh; Intel Mac OS X 10_13) AppleWebKit/604.1.31 (KHTML, like Gecko) Version/11.0 Safari/604.1.31"
::1 - - [25/Aug/2017:10:59:34 +0000] "GET /js/modal.js HTTP/1.1" 304 - "http://localhost:3000/welcome" "Mozilla/5.0 (Macintosh; Intel Mac OS X 10_13) AppleWebKit/604.1.31 (KHTML, like Gecko) Version/11.0 Safari/604.1.31"
::1 - - [25/Aug/2017:10:59:34 +0000] "GET /js/format.js HTTP/1.1" 304 - "http://localhost:3000/welcome" "Mozilla/5.0 (Macintosh; Intel Mac OS X 10_13) AppleWebKit/604.1.31 (KHTML, like Gecko) Version/11.0 Safari/604.1.31"
::1 - - [25/Aug/2017:10:59:34 +0000] "GET /js/auto-complete.js HTTP/1.1" 304 - "http://localhost:3000/welcome" "Mozilla/5.0 (Macintosh; Intel Mac OS X 10_13) AppleWebKit/604.1.31 (KHTML, like Gecko) Version/11.0 Safari/604.1.31"
::1 - - [25/Aug/2017:10:59:34 +0000] "GET /js/scripts.js HTTP/1.1" 304 - "http://localhost:3000/welcome" "Mozilla/5.0 (Macintosh; Intel Mac OS X 10_13) AppleWebKit/604.1.31 (KHTML, like Gecko) Version/11.0 Safari/604.1.31"
::1 - - [25/Aug/2017:10:59:34 +0000] "GET /js/classie.js HTTP/1.1" 304 - "http://localhost:3000/welcome" "Mozilla/5.0 (Macintosh; Intel Mac OS X 10_13) AppleWebKit/604.1.31 (KHTML, like Gecko) Version/11.0 Safari/604.1.31"
::1 - - [25/Aug/2017:10:59:34 +0000] "GET /js/track-messages.js HTTP/1.1" 304 - "http://localhost:3000/welcome" "Mozilla/5.0 (Macintosh; Intel Mac OS X 10_13) AppleWebKit/604.1.31 (KHTML, like Gecko) Version/11.0 Safari/604.1.31"
::1 - - [25/Aug/2017:10:59:34 +0000] "GET /images/image.jpg HTTP/1.1" 304 - "http://localhost:3000/welcome" "Mozilla/5.0 (Macintosh; Intel Mac OS X 10_13) AppleWebKit/604.1.31 (KHTML, like Gecko) Version/11.0 Safari/604.1.31"
::1 - - [25/Aug/2017:10:59:34 +0000] "GET /styles/signup_page.css HTTP/1.1" 304 - "http://localhost:3000/welcome" "Mozilla/5.0 (Macintosh; Intel Mac OS X 10_13) AppleWebKit/604.1.31 (KHTML, like Gecko) Version/11.0 Safari/604.1.31"
::1 - - [25/Aug/2017:10:59:34 +0000] "GET /dependencies/messg-2.1.0/index.css HTTP/1.1" 304 - "http://localhost:3000/welcome" "Mozilla/5.0 (Macintosh; Intel Mac OS X 10_13) AppleWebKit/604.1.31 (KHTML, like Gecko) Version/11.0 Safari/604.1.31"
::1 - - [25/Aug/2017:10:59:34 +0000] "GET /fonts/mr.woff HTTP/1.1" 304 - "http://localhost:3000/welcome" "Mozilla/5.0 (Macintosh; Intel Mac OS X 10_13) AppleWebKit/604.1.31 (KHTML, like Gecko) Version/11.0 Safari/604.1.31"
::1 - - [25/Aug/2017:10:59:34 +0000] "GET /fonts/fontawesome-webfont.woff?v=4.2.0 HTTP/1.1" 304 - "http://localhost:3000/welcome" "Mozilla/5.0 (Macintosh; Intel Mac OS X 10_13) AppleWebKit/604.1.31 (KHTML, like Gecko) Version/11.0 Safari/604.1.31"
::1 - - [25/Aug/2017:11:01:14 +0000] "POST /signup HTTP/1.1" 302 60 "http://localhost:3000/welcome" "Mozilla/5.0 (Macintosh; Intel Mac OS X 10_13) AppleWebKit/604.1.31 (KHTML, like Gecko) Version/11.0 Safari/604.1.31"
::1 - - [25/Aug/2017:11:01:14 +0000] "GET /welcome HTTP/1.1" 200 11852 "http://localhost:3000/welcome" "Mozilla/5.0 (Macintosh; Intel Mac OS X 10_13) AppleWebKit/604.1.31 (KHTML, like Gecko) Version/11.0 Safari/604.1.31"
::1 - - [25/Aug/2017:11:01:14 +0000] "GET /dependencies/messg-2.1.0/index.css HTTP/1.1" 304 - "http://localhost:3000/welcome" "Mozilla/5.0 (Macintosh; Intel Mac OS X 10_13) AppleWebKit/604.1.31 (KHTML, like Gecko) Version/11.0 Safari/604.1.31"
::1 - - [25/Aug/2017:11:01:14 +0000] "GET /dependencies/messg-2.1.0/index.js HTTP/1.1" 304 - "http://localhost:3000/welcome" "Mozilla/5.0 (Macintosh; Intel Mac OS X 10_13) AppleWebKit/604.1.31 (KHTML, like Gecko) Version/11.0 Safari/604.1.31"
::1 - - [25/Aug/2017:11:01:14 +0000] "GET /dependencies/prefixfree/prefixfree.min.js HTTP/1.1" 304 - "http://localhost:3000/welcome" "Mozilla/5.0 (Macintosh; Intel Mac OS X 10_13) AppleWebKit/604.1.31 (KHTML, like Gecko) Version/11.0 Safari/604.1.31"
::1 - - [25/Aug/2017:11:01:14 +0000] "GET /js/dynamic-elements.js HTTP/1.1" 304 - "http://localhost:3000/welcome" "Mozilla/5.0 (Macintosh; Intel Mac OS X 10_13) AppleWebKit/604.1.31 (KHTML, like Gecko) Version/11.0 Safari/604.1.31"
::1 - - [25/Aug/2017:11:01:14 +0000] "GET /dependencies/jquery/js/jquery-ui.js HTTP/1.1" 304 - "http://localhost:3000/welcome" "Mozilla/5.0 (Macintosh; Intel Mac OS X 10_13) AppleWebKit/604.1.31 (KHTML, like Gecko) Version/11.0 Safari/604.1.31"
::1 - - [25/Aug/2017:11:01:14 +0000] "GET /dependencies/jquery/js/jquery-3.1.1.js HTTP/1.1" 304 - "http://localhost:3000/welcome" "Mozilla/5.0 (Macintosh; Intel Mac OS X 10_13) AppleWebKit/604.1.31 (KHTML, like Gecko) Version/11.0 Safari/604.1.31"
::1 - - [25/Aug/2017:11:01:14 +0000] "GET /js/tips.js HTTP/1.1" 304 - "http://localhost:3000/welcome" "Mozilla/5.0 (Macintosh; Intel Mac OS X 10_13) AppleWebKit/604.1.31 (KHTML, like Gecko) Version/11.0 Safari/604.1.31"
::1 - - [25/Aug/2017:11:01:14 +0000] "GET /js/more.js HTTP/1.1" 304 - "http://localhost:3000/welcome" "Mozilla/5.0 (Macintosh; Intel Mac OS X 10_13) AppleWebKit/604.1.31 (KHTML, like Gecko) Version/11.0 Safari/604.1.31"
::1 - - [25/Aug/2017:11:01:14 +0000] "GET /js/following.js HTTP/1.1" 304 - "http://localhost:3000/welcome" "Mozilla/5.0 (Macintosh; Intel Mac OS X 10_13) AppleWebKit/604.1.31 (KHTML, like Gecko) Version/11.0 Safari/604.1.31"
::1 - - [25/Aug/2017:11:01:14 +0000] "GET /styles/signup_page.css HTTP/1.1" 304 - "http://localhost:3000/welcome" "Mozilla/5.0 (Macintosh; Intel Mac OS X 10_13) AppleWebKit/604.1.31 (KHTML, like Gecko) Version/11.0 Safari/604.1.31"
::1 - - [25/Aug/2017:11:01:14 +0000] "GET /dependencies/bootstrap/js/bootstrap.min.js HTTP/1.1" 304 - "http://localhost:3000/welcome" "Mozilla/5.0 (Macintosh; Intel Mac OS X 10_13) AppleWebKit/604.1.31 (KHTML, like Gecko) Version/11.0 Safari/604.1.31"
::1 - - [25/Aug/2017:11:01:14 +0000] "GET /js/hero.js HTTP/1.1" 304 - "http://localhost:3000/welcome" "Mozilla/5.0 (Macintosh; Intel Mac OS X 10_13) AppleWebKit/604.1.31 (KHTML, like Gecko) Version/11.0 Safari/604.1.31"
::1 - - [25/Aug/2017:11:01:14 +0000] "GET /js/modal.js HTTP/1.1" 304 - "http://localhost:3000/welcome" "Mozilla/5.0 (Macintosh; Intel Mac OS X 10_13) AppleWebKit/604.1.31 (KHTML, like Gecko) Version/11.0 Safari/604.1.31"
::1 - - [25/Aug/2017:11:01:14 +0000] "GET /js/format.js HTTP/1.1" 304 - "http://localhost:3000/welcome" "Mozilla/5.0 (Macintosh; Intel Mac OS X 10_13) AppleWebKit/604.1.31 (KHTML, like Gecko) Version/11.0 Safari/604.1.31"
::1 - - [25/Aug/2017:11:01:14 +0000] "GET /js/track-messages.js HTTP/1.1" 304 - "http://localhost:3000/welcome" "Mozilla/5.0 (Macintosh; Intel Mac OS X 10_13) AppleWebKit/604.1.31 (KHTML, like Gecko) Version/11.0 Safari/604.1.31"
::1 - - [25/Aug/2017:11:01:14 +0000] "GET /js/auto-complete.js HTTP/1.1" 304 - "http://localhost:3000/welcome" "Mozilla/5.0 (Macintosh; Intel Mac OS X 10_13) AppleWebKit/604.1.31 (KHTML, like Gecko) Version/11.0 Safari/604.1.31"
::1 - - [25/Aug/2017:11:01:14 +0000] "GET /js/classie.js HTTP/1.1" 304 - "http://localhost:3000/welcome" "Mozilla/5.0 (Macintosh; Intel Mac OS X 10_13) AppleWebKit/604.1.31 (KHTML, like Gecko) Version/11.0 Safari/604.1.31"
::1 - - [25/Aug/2017:11:01:14 +0000] "GET /js/scripts.js HTTP/1.1" 304 - "http://localhost:3000/welcome" "Mozilla/5.0 (Macintosh; Intel Mac OS X 10_13) AppleWebKit/604.1.31 (KHTML, like Gecko) Version/11.0 Safari/604.1.31"
::1 - - [25/Aug/2017:11:01:14 +0000] "GET /images/image.jpg HTTP/1.1" 304 - "http://localhost:3000/welcome" "Mozilla/5.0 (Macintosh; Intel Mac OS X 10_13) AppleWebKit/604.1.31 (KHTML, like Gecko) Version/11.0 Safari/604.1.31"
::1 - - [25/Aug/2017:11:01:14 +0000] "GET /styles/signup_page.css HTTP/1.1" 304 - "http://localhost:3000/welcome" "Mozilla/5.0 (Macintosh; Intel Mac OS X 10_13) AppleWebKit/604.1.31 (KHTML, like Gecko) Version/11.0 Safari/604.1.31"
::1 - - [25/Aug/2017:11:01:14 +0000] "GET /dependencies/messg-2.1.0/index.css HTTP/1.1" 304 - "http://localhost:3000/welcome" "Mozilla/5.0 (Macintosh; Intel Mac OS X 10_13) AppleWebKit/604.1.31 (KHTML, like Gecko) Version/11.0 Safari/604.1.31"
::1 - - [25/Aug/2017:11:01:14 +0000] "GET /fonts/fontawesome-webfont.woff?v=4.2.0 HTTP/1.1" 304 - "http://localhost:3000/welcome" "Mozilla/5.0 (Macintosh; Intel Mac OS X 10_13) AppleWebKit/604.1.31 (KHTML, like Gecko) Version/11.0 Safari/604.1.31"
::1 - - [25/Aug/2017:11:01:14 +0000] "GET /fonts/mr.woff HTTP/1.1" 304 - "http://localhost:3000/welcome" "Mozilla/5.0 (Macintosh; Intel Mac OS X 10_13) AppleWebKit/604.1.31 (KHTML, like Gecko) Version/11.0 Safari/604.1.31"
::1 - - [25/Aug/2017:11:01:50 +0000] "GET /styles/signup_page.css HTTP/1.1" 304 - "http://localhost:3000/welcome" "Mozilla/5.0 (Macintosh; Intel Mac OS X 10_13) AppleWebKit/604.1.31 (KHTML, like Gecko) Version/11.0 Safari/604.1.31"
::1 - - [25/Aug/2017:11:01:50 +0000] "GET /dependencies/messg-2.1.0/index.css HTTP/1.1" 304 - "http://localhost:3000/welcome" "Mozilla/5.0 (Macintosh; Intel Mac OS X 10_13) AppleWebKit/604.1.31 (KHTML, like Gecko) Version/11.0 Safari/604.1.31"
::1 - - [25/Aug/2017:11:01:50 +0000] "GET /welcome HTTP/1.1" 200 11740 "http://localhost:3000/welcome" "Mozilla/5.0 (Macintosh; Intel Mac OS X 10_13) AppleWebKit/604.1.31 (KHTML, like Gecko) Version/11.0 Safari/604.1.31"
::1 - - [25/Aug/2017:11:01:50 +0000] "GET /styles/signup_page.css HTTP/1.1" 200 76849 "http://localhost:3000/welcome" "Mozilla/5.0 (Macintosh; Intel Mac OS X 10_13) AppleWebKit/604.1.31 (KHTML, like Gecko) Version/11.0 Safari/604.1.31"
::1 - - [25/Aug/2017:11:01:50 +0000] "GET /dependencies/bootstrap/js/bootstrap.min.js HTTP/1.1" 304 - "http://localhost:3000/welcome" "Mozilla/5.0 (Macintosh; Intel Mac OS X 10_13) AppleWebKit/604.1.31 (KHTML, like Gecko) Version/11.0 Safari/604.1.31"
::1 - - [25/Aug/2017:11:01:50 +0000] "GET /dependencies/messg-2.1.0/index.js HTTP/1.1" 304 - "http://localhost:3000/welcome" "Mozilla/5.0 (Macintosh; Intel Mac OS X 10_13) AppleWebKit/604.1.31 (KHTML, like Gecko) Version/11.0 Safari/604.1.31"
::1 - - [25/Aug/2017:11:01:50 +0000] "GET /dependencies/prefixfree/prefixfree.min.js HTTP/1.1" 304 - "http://localhost:3000/welcome" "Mozilla/5.0 (Macintosh; Intel Mac OS X 10_13) AppleWebKit/604.1.31 (KHTML, like Gecko) Version/11.0 Safari/604.1.31"
::1 - - [25/Aug/2017:11:01:50 +0000] "GET /js/dynamic-elements.js HTTP/1.1" 304 - "http://localhost:3000/welcome" "Mozilla/5.0 (Macintosh; Intel Mac OS X 10_13) AppleWebKit/604.1.31 (KHTML, like Gecko) Version/11.0 Safari/604.1.31"
::1 - - [25/Aug/2017:11:01:50 +0000] "GET /dependencies/jquery/js/jquery-3.1.1.js HTTP/1.1" 304 - "http://localhost:3000/welcome" "Mozilla/5.0 (Macintosh; Intel Mac OS X 10_13) AppleWebKit/604.1.31 (KHTML, like Gecko) Version/11.0 Safari/604.1.31"
::1 - - [25/Aug/2017:11:01:50 +0000] "GET /dependencies/messg-2.1.0/index.css HTTP/1.1" 200 2358 "http://localhost:3000/welcome" "Mozilla/5.0 (Macintosh; Intel Mac OS X 10_13) AppleWebKit/604.1.31 (KHTML, like Gecko) Version/11.0 Safari/604.1.31"
::1 - - [25/Aug/2017:11:01:50 +0000] "GET /dependencies/jquery/js/jquery-ui.js HTTP/1.1" 304 - "http://localhost:3000/welcome" "Mozilla/5.0 (Macintosh; Intel Mac OS X 10_13) AppleWebKit/604.1.31 (KHTML, like Gecko) Version/11.0 Safari/604.1.31"
::1 - - [25/Aug/2017:11:01:50 +0000] "GET /js/following.js HTTP/1.1" 304 - "http://localhost:3000/welcome" "Mozilla/5.0 (Macintosh; Intel Mac OS X 10_13) AppleWebKit/604.1.31 (KHTML, like Gecko) Version/11.0 Safari/604.1.31"
::1 - - [25/Aug/2017:11:01:50 +0000] "GET /js/tips.js HTTP/1.1" 304 - "http://localhost:3000/welcome" "Mozilla/5.0 (Macintosh; Intel Mac OS X 10_13) AppleWebKit/604.1.31 (KHTML, like Gecko) Version/11.0 Safari/604.1.31"
::1 - - [25/Aug/2017:11:01:50 +0000] "GET /js/hero.js HTTP/1.1" 304 - "http://localhost:3000/welcome" "Mozilla/5.0 (Macintosh; Intel Mac OS X 10_13) AppleWebKit/604.1.31 (KHTML, like Gecko) Version/11.0 Safari/604.1.31"
::1 - - [25/Aug/2017:11:01:50 +0000] "GET /js/modal.js HTTP/1.1" 304 - "http://localhost:3000/welcome" "Mozilla/5.0 (Macintosh; Intel Mac OS X 10_13) AppleWebKit/604.1.31 (KHTML, like Gecko) Version/11.0 Safari/604.1.31"
::1 - - [25/Aug/2017:11:01:50 +0000] "GET /js/track-messages.js HTTP/1.1" 304 - "http://localhost:3000/welcome" "Mozilla/5.0 (Macintosh; Intel Mac OS X 10_13) AppleWebKit/604.1.31 (KHTML, like Gecko) Version/11.0 Safari/604.1.31"
::1 - - [25/Aug/2017:11:01:50 +0000] "GET /js/more.js HTTP/1.1" 304 - "http://localhost:3000/welcome" "Mozilla/5.0 (Macintosh; Intel Mac OS X 10_13) AppleWebKit/604.1.31 (KHTML, like Gecko) Version/11.0 Safari/604.1.31"
::1 - - [25/Aug/2017:11:01:50 +0000] "GET /js/auto-complete.js HTTP/1.1" 304 - "http://localhost:3000/welcome" "Mozilla/5.0 (Macintosh; Intel Mac OS X 10_13) AppleWebKit/604.1.31 (KHTML, like Gecko) Version/11.0 Safari/604.1.31"
::1 - - [25/Aug/2017:11:01:50 +0000] "GET /js/format.js HTTP/1.1" 304 - "http://localhost:3000/welcome" "Mozilla/5.0 (Macintosh; Intel Mac OS X 10_13) AppleWebKit/604.1.31 (KHTML, like Gecko) Version/11.0 Safari/604.1.31"
::1 - - [25/Aug/2017:11:01:50 +0000] "GET /js/classie.js HTTP/1.1" 304 - "http://localhost:3000/welcome" "Mozilla/5.0 (Macintosh; Intel Mac OS X 10_13) AppleWebKit/604.1.31 (KHTML, like Gecko) Version/11.0 Safari/604.1.31"
::1 - - [25/Aug/2017:11:01:50 +0000] "GET /js/scripts.js HTTP/1.1" 304 - "http://localhost:3000/welcome" "Mozilla/5.0 (Macintosh; Intel Mac OS X 10_13) AppleWebKit/604.1.31 (KHTML, like Gecko) Version/11.0 Safari/604.1.31"
::1 - - [25/Aug/2017:11:01:50 +0000] "GET /styles/signup_page.css HTTP/1.1" 304 - "http://localhost:3000/welcome" "Mozilla/5.0 (Macintosh; Intel Mac OS X 10_13) AppleWebKit/604.1.31 (KHTML, like Gecko) Version/11.0 Safari/604.1.31"
::1 - - [25/Aug/2017:11:01:50 +0000] "GET /dependencies/messg-2.1.0/index.css HTTP/1.1" 200 2358 "http://localhost:3000/welcome" "Mozilla/5.0 (Macintosh; Intel Mac OS X 10_13) AppleWebKit/604.1.31 (KHTML, like Gecko) Version/11.0 Safari/604.1.31"
::1 - - [25/Aug/2017:11:01:50 +0000] "GET /images/image.jpg HTTP/1.1" 304 - "http://localhost:3000/welcome" "Mozilla/5.0 (Macintosh; Intel Mac OS X 10_13) AppleWebKit/604.1.31 (KHTML, like Gecko) Version/11.0 Safari/604.1.31"
::1 - - [25/Aug/2017:11:01:50 +0000] "GET /fonts/mr.woff HTTP/1.1" 304 - "http://localhost:3000/welcome" "Mozilla/5.0 (Macintosh; Intel Mac OS X 10_13) AppleWebKit/604.1.31 (KHTML, like Gecko) Version/11.0 Safari/604.1.31"
::1 - - [25/Aug/2017:11:01:50 +0000] "GET /fonts/fontawesome-webfont.woff?v=4.2.0 HTTP/1.1" 304 - "http://localhost:3000/welcome" "Mozilla/5.0 (Macintosh; Intel Mac OS X 10_13) AppleWebKit/604.1.31 (KHTML, like Gecko) Version/11.0 Safari/604.1.31"
::1 - - [25/Aug/2017:11:02:07 +0000] "GET /dependencies/messg-2.1.0/index.css HTTP/1.1" 304 - "http://localhost:3000/welcome" "Mozilla/5.0 (Macintosh; Intel Mac OS X 10_13) AppleWebKit/604.1.31 (KHTML, like Gecko) Version/11.0 Safari/604.1.31"
::1 - - [25/Aug/2017:11:02:07 +0000] "GET /styles/signup_page.css HTTP/1.1" 304 - "http://localhost:3000/welcome" "Mozilla/5.0 (Macintosh; Intel Mac OS X 10_13) AppleWebKit/604.1.31 (KHTML, like Gecko) Version/11.0 Safari/604.1.31"
::1 - - [25/Aug/2017:11:02:07 +0000] "GET /welcome HTTP/1.1" 200 11730 "http://localhost:3000/welcome" "Mozilla/5.0 (Macintosh; Intel Mac OS X 10_13) AppleWebKit/604.1.31 (KHTML, like Gecko) Version/11.0 Safari/604.1.31"
::1 - - [25/Aug/2017:11:02:07 +0000] "GET /dependencies/prefixfree/prefixfree.min.js HTTP/1.1" 304 - "http://localhost:3000/welcome" "Mozilla/5.0 (Macintosh; Intel Mac OS X 10_13) AppleWebKit/604.1.31 (KHTML, like Gecko) Version/11.0 Safari/604.1.31"
::1 - - [25/Aug/2017:11:02:07 +0000] "GET /js/dynamic-elements.js HTTP/1.1" 304 - "http://localhost:3000/welcome" "Mozilla/5.0 (Macintosh; Intel Mac OS X 10_13) AppleWebKit/604.1.31 (KHTML, like Gecko) Version/11.0 Safari/604.1.31"
::1 - - [25/Aug/2017:11:02:07 +0000] "GET /dependencies/messg-2.1.0/index.js HTTP/1.1" 304 - "http://localhost:3000/welcome" "Mozilla/5.0 (Macintosh; Intel Mac OS X 10_13) AppleWebKit/604.1.31 (KHTML, like Gecko) Version/11.0 Safari/604.1.31"
::1 - - [25/Aug/2017:11:02:07 +0000] "GET /js/tips.js HTTP/1.1" 304 - "http://localhost:3000/welcome" "Mozilla/5.0 (Macintosh; Intel Mac OS X 10_13) AppleWebKit/604.1.31 (KHTML, like Gecko) Version/11.0 Safari/604.1.31"
::1 - - [25/Aug/2017:11:02:07 +0000] "GET /dependencies/messg-2.1.0/index.css HTTP/1.1" 200 2358 "http://localhost:3000/welcome" "Mozilla/5.0 (Macintosh; Intel Mac OS X 10_13) AppleWebKit/604.1.31 (KHTML, like Gecko) Version/11.0 Safari/604.1.31"
::1 - - [25/Aug/2017:11:02:07 +0000] "GET /js/track-messages.js HTTP/1.1" 304 - "http://localhost:3000/welcome" "Mozilla/5.0 (Macintosh; Intel Mac OS X 10_13) AppleWebKit/604.1.31 (KHTML, like Gecko) Version/11.0 Safari/604.1.31"
::1 - - [25/Aug/2017:11:02:07 +0000] "GET /js/following.js HTTP/1.1" 304 - "http://localhost:3000/welcome" "Mozilla/5.0 (Macintosh; Intel Mac OS X 10_13) AppleWebKit/604.1.31 (KHTML, like Gecko) Version/11.0 Safari/604.1.31"
::1 - - [25/Aug/2017:11:02:07 +0000] "GET /js/more.js HTTP/1.1" 304 - "http://localhost:3000/welcome" "Mozilla/5.0 (Macintosh; Intel Mac OS X 10_13) AppleWebKit/604.1.31 (KHTML, like Gecko) Version/11.0 Safari/604.1.31"
::1 - - [25/Aug/2017:11:02:07 +0000] "GET /styles/signup_page.css HTTP/1.1" 200 76849 "http://localhost:3000/welcome" "Mozilla/5.0 (Macintosh; Intel Mac OS X 10_13) AppleWebKit/604.1.31 (KHTML, like Gecko) Version/11.0 Safari/604.1.31"
::1 - - [25/Aug/2017:11:02:07 +0000] "GET /js/hero.js HTTP/1.1" 304 - "http://localhost:3000/welcome" "Mozilla/5.0 (Macintosh; Intel Mac OS X 10_13) AppleWebKit/604.1.31 (KHTML, like Gecko) Version/11.0 Safari/604.1.31"
::1 - - [25/Aug/2017:11:02:07 +0000] "GET /js/modal.js HTTP/1.1" 304 - "http://localhost:3000/welcome" "Mozilla/5.0 (Macintosh; Intel Mac OS X 10_13) AppleWebKit/604.1.31 (KHTML, like Gecko) Version/11.0 Safari/604.1.31"
::1 - - [25/Aug/2017:11:02:07 +0000] "GET /js/format.js HTTP/1.1" 304 - "http://localhost:3000/welcome" "Mozilla/5.0 (Macintosh; Intel Mac OS X 10_13) AppleWebKit/604.1.31 (KHTML, like Gecko) Version/11.0 Safari/604.1.31"
::1 - - [25/Aug/2017:11:02:07 +0000] "GET /js/scripts.js HTTP/1.1" 304 - "http://localhost:3000/welcome" "Mozilla/5.0 (Macintosh; Intel Mac OS X 10_13) AppleWebKit/604.1.31 (KHTML, like Gecko) Version/11.0 Safari/604.1.31"
::1 - - [25/Aug/2017:11:02:07 +0000] "GET /js/auto-complete.js HTTP/1.1" 304 - "http://localhost:3000/welcome" "Mozilla/5.0 (Macintosh; Intel Mac OS X 10_13) AppleWebKit/604.1.31 (KHTML, like Gecko) Version/11.0 Safari/604.1.31"
::1 - - [25/Aug/2017:11:02:07 +0000] "GET /js/classie.js HTTP/1.1" 304 - "http://localhost:3000/welcome" "Mozilla/5.0 (Macintosh; Intel Mac OS X 10_13) AppleWebKit/604.1.31 (KHTML, like Gecko) Version/11.0 Safari/604.1.31"
::1 - - [25/Aug/2017:11:02:07 +0000] "GET /dependencies/bootstrap/js/bootstrap.min.js HTTP/1.1" 304 - "http://localhost:3000/welcome" "Mozilla/5.0 (Macintosh; Intel Mac OS X 10_13) AppleWebKit/604.1.31 (KHTML, like Gecko) Version/11.0 Safari/604.1.31"
::1 - - [25/Aug/2017:11:02:07 +0000] "GET /dependencies/jquery/js/jquery-3.1.1.js HTTP/1.1" 304 - "http://localhost:3000/welcome" "Mozilla/5.0 (Macintosh; Intel Mac OS X 10_13) AppleWebKit/604.1.31 (KHTML, like Gecko) Version/11.0 Safari/604.1.31"
::1 - - [25/Aug/2017:11:02:07 +0000] "GET /dependencies/jquery/js/jquery-ui.js HTTP/1.1" 304 - "http://localhost:3000/welcome" "Mozilla/5.0 (Macintosh; Intel Mac OS X 10_13) AppleWebKit/604.1.31 (KHTML, like Gecko) Version/11.0 Safari/604.1.31"
::1 - - [25/Aug/2017:11:02:08 +0000] "GET /styles/signup_page.css HTTP/1.1" 304 - "http://localhost:3000/welcome" "Mozilla/5.0 (Macintosh; Intel Mac OS X 10_13) AppleWebKit/604.1.31 (KHTML, like Gecko) Version/11.0 Safari/604.1.31"
::1 - - [25/Aug/2017:11:02:08 +0000] "GET /images/image.jpg HTTP/1.1" 304 - "http://localhost:3000/welcome" "Mozilla/5.0 (Macintosh; Intel Mac OS X 10_13) AppleWebKit/604.1.31 (KHTML, like Gecko) Version/11.0 Safari/604.1.31"
::1 - - [25/Aug/2017:11:02:08 +0000] "GET /dependencies/messg-2.1.0/index.css HTTP/1.1" 200 2358 "http://localhost:3000/welcome" "Mozilla/5.0 (Macintosh; Intel Mac OS X 10_13) AppleWebKit/604.1.31 (KHTML, like Gecko) Version/11.0 Safari/604.1.31"
::1 - - [25/Aug/2017:11:02:08 +0000] "GET /fonts/mr.woff HTTP/1.1" 304 - "http://localhost:3000/welcome" "Mozilla/5.0 (Macintosh; Intel Mac OS X 10_13) AppleWebKit/604.1.31 (KHTML, like Gecko) Version/11.0 Safari/604.1.31"
::1 - - [25/Aug/2017:11:02:08 +0000] "GET /fonts/fontawesome-webfont.woff?v=4.2.0 HTTP/1.1" 304 - "http://localhost:3000/welcome" "Mozilla/5.0 (Macintosh; Intel Mac OS X 10_13) AppleWebKit/604.1.31 (KHTML, like Gecko) Version/11.0 Safari/604.1.31"
::1 - - [25/Aug/2017:11:02:12 +0000] "GET /styles/signup_page.css HTTP/1.1" 304 - "http://localhost:3000/welcome" "Mozilla/5.0 (Macintosh; Intel Mac OS X 10_13) AppleWebKit/604.1.31 (KHTML, like Gecko) Version/11.0 Safari/604.1.31"
::1 - - [25/Aug/2017:11:02:12 +0000] "GET /dependencies/messg-2.1.0/index.css HTTP/1.1" 304 - "http://localhost:3000/welcome" "Mozilla/5.0 (Macintosh; Intel Mac OS X 10_13) AppleWebKit/604.1.31 (KHTML, like Gecko) Version/11.0 Safari/604.1.31"
::1 - - [25/Aug/2017:11:02:12 +0000] "GET /welcome HTTP/1.1" 200 11740 "http://localhost:3000/welcome" "Mozilla/5.0 (Macintosh; Intel Mac OS X 10_13) AppleWebKit/604.1.31 (KHTML, like Gecko) Version/11.0 Safari/604.1.31"
::1 - - [25/Aug/2017:11:02:12 +0000] "GET /dependencies/jquery/js/jquery-3.1.1.js HTTP/1.1" 304 - "http://localhost:3000/welcome" "Mozilla/5.0 (Macintosh; Intel Mac OS X 10_13) AppleWebKit/604.1.31 (KHTML, like Gecko) Version/11.0 Safari/604.1.31"
::1 - - [25/Aug/2017:11:02:12 +0000] "GET /dependencies/messg-2.1.0/index.js HTTP/1.1" 304 - "http://localhost:3000/welcome" "Mozilla/5.0 (Macintosh; Intel Mac OS X 10_13) AppleWebKit/604.1.31 (KHTML, like Gecko) Version/11.0 Safari/604.1.31"
::1 - - [25/Aug/2017:11:02:12 +0000] "GET /js/dynamic-elements.js HTTP/1.1" 304 - "http://localhost:3000/welcome" "Mozilla/5.0 (Macintosh; Intel Mac OS X 10_13) AppleWebKit/604.1.31 (KHTML, like Gecko) Version/11.0 Safari/604.1.31"
::1 - - [25/Aug/2017:11:02:12 +0000] "GET /dependencies/bootstrap/js/bootstrap.min.js HTTP/1.1" 304 - "http://localhost:3000/welcome" "Mozilla/5.0 (Macintosh; Intel Mac OS X 10_13) AppleWebKit/604.1.31 (KHTML, like Gecko) Version/11.0 Safari/604.1.31"
::1 - - [25/Aug/2017:11:02:12 +0000] "GET /dependencies/messg-2.1.0/index.css HTTP/1.1" 200 2358 "http://localhost:3000/welcome" "Mozilla/5.0 (Macintosh; Intel Mac OS X 10_13) AppleWebKit/604.1.31 (KHTML, like Gecko) Version/11.0 Safari/604.1.31"
::1 - - [25/Aug/2017:11:02:12 +0000] "GET /styles/signup_page.css HTTP/1.1" 200 76849 "http://localhost:3000/welcome" "Mozilla/5.0 (Macintosh; Intel Mac OS X 10_13) AppleWebKit/604.1.31 (KHTML, like Gecko) Version/11.0 Safari/604.1.31"
::1 - - [25/Aug/2017:11:02:12 +0000] "GET /dependencies/prefixfree/prefixfree.min.js HTTP/1.1" 304 - "http://localhost:3000/welcome" "Mozilla/5.0 (Macintosh; Intel Mac OS X 10_13) AppleWebKit/604.1.31 (KHTML, like Gecko) Version/11.0 Safari/604.1.31"
::1 - - [25/Aug/2017:11:02:12 +0000] "GET /dependencies/jquery/js/jquery-ui.js HTTP/1.1" 304 - "http://localhost:3000/welcome" "Mozilla/5.0 (Macintosh; Intel Mac OS X 10_13) AppleWebKit/604.1.31 (KHTML, like Gecko) Version/11.0 Safari/604.1.31"
::1 - - [25/Aug/2017:11:02:12 +0000] "GET /js/tips.js HTTP/1.1" 304 - "http://localhost:3000/welcome" "Mozilla/5.0 (Macintosh; Intel Mac OS X 10_13) AppleWebKit/604.1.31 (KHTML, like Gecko) Version/11.0 Safari/604.1.31"
::1 - - [25/Aug/2017:11:02:12 +0000] "GET /js/track-messages.js HTTP/1.1" 304 - "http://localhost:3000/welcome" "Mozilla/5.0 (Macintosh; Intel Mac OS X 10_13) AppleWebKit/604.1.31 (KHTML, like Gecko) Version/11.0 Safari/604.1.31"
::1 - - [25/Aug/2017:11:02:12 +0000] "GET /js/following.js HTTP/1.1" 304 - "http://localhost:3000/welcome" "Mozilla/5.0 (Macintosh; Intel Mac OS X 10_13) AppleWebKit/604.1.31 (KHTML, like Gecko) Version/11.0 Safari/604.1.31"
::1 - - [25/Aug/2017:11:02:12 +0000] "GET /js/hero.js HTTP/1.1" 304 - "http://localhost:3000/welcome" "Mozilla/5.0 (Macintosh; Intel Mac OS X 10_13) AppleWebKit/604.1.31 (KHTML, like Gecko) Version/11.0 Safari/604.1.31"
::1 - - [25/Aug/2017:11:02:12 +0000] "GET /js/more.js HTTP/1.1" 304 - "http://localhost:3000/welcome" "Mozilla/5.0 (Macintosh; Intel Mac OS X 10_13) AppleWebKit/604.1.31 (KHTML, like Gecko) Version/11.0 Safari/604.1.31"
::1 - - [25/Aug/2017:11:02:12 +0000] "GET /js/auto-complete.js HTTP/1.1" 304 - "http://localhost:3000/welcome" "Mozilla/5.0 (Macintosh; Intel Mac OS X 10_13) AppleWebKit/604.1.31 (KHTML, like Gecko) Version/11.0 Safari/604.1.31"
::1 - - [25/Aug/2017:11:02:12 +0000] "GET /js/modal.js HTTP/1.1" 304 - "http://localhost:3000/welcome" "Mozilla/5.0 (Macintosh; Intel Mac OS X 10_13) AppleWebKit/604.1.31 (KHTML, like Gecko) Version/11.0 Safari/604.1.31"
::1 - - [25/Aug/2017:11:02:12 +0000] "GET /js/scripts.js HTTP/1.1" 304 - "http://localhost:3000/welcome" "Mozilla/5.0 (Macintosh; Intel Mac OS X 10_13) AppleWebKit/604.1.31 (KHTML, like Gecko) Version/11.0 Safari/604.1.31"
::1 - - [25/Aug/2017:11:02:12 +0000] "GET /js/format.js HTTP/1.1" 304 - "http://localhost:3000/welcome" "Mozilla/5.0 (Macintosh; Intel Mac OS X 10_13) AppleWebKit/604.1.31 (KHTML, like Gecko) Version/11.0 Safari/604.1.31"
::1 - - [25/Aug/2017:11:02:12 +0000] "GET /js/classie.js HTTP/1.1" 304 - "http://localhost:3000/welcome" "Mozilla/5.0 (Macintosh; Intel Mac OS X 10_13) AppleWebKit/604.1.31 (KHTML, like Gecko) Version/11.0 Safari/604.1.31"
::1 - - [25/Aug/2017:11:02:12 +0000] "GET /styles/signup_page.css HTTP/1.1" 304 - "http://localhost:3000/welcome" "Mozilla/5.0 (Macintosh; Intel Mac OS X 10_13) AppleWebKit/604.1.31 (KHTML, like Gecko) Version/11.0 Safari/604.1.31"
::1 - - [25/Aug/2017:11:02:12 +0000] "GET /dependencies/messg-2.1.0/index.css HTTP/1.1" 200 2358 "http://localhost:3000/welcome" "Mozilla/5.0 (Macintosh; Intel Mac OS X 10_13) AppleWebKit/604.1.31 (KHTML, like Gecko) Version/11.0 Safari/604.1.31"
::1 - - [25/Aug/2017:11:02:12 +0000] "GET /images/image.jpg HTTP/1.1" 304 - "http://localhost:3000/welcome" "Mozilla/5.0 (Macintosh; Intel Mac OS X 10_13) AppleWebKit/604.1.31 (KHTML, like Gecko) Version/11.0 Safari/604.1.31"
::1 - - [25/Aug/2017:11:02:12 +0000] "GET /fonts/fontawesome-webfont.woff?v=4.2.0 HTTP/1.1" 304 - "http://localhost:3000/welcome" "Mozilla/5.0 (Macintosh; Intel Mac OS X 10_13) AppleWebKit/604.1.31 (KHTML, like Gecko) Version/11.0 Safari/604.1.31"
::1 - - [25/Aug/2017:11:02:12 +0000] "GET /fonts/mr.woff HTTP/1.1" 304 - "http://localhost:3000/welcome" "Mozilla/5.0 (Macintosh; Intel Mac OS X 10_13) AppleWebKit/604.1.31 (KHTML, like Gecko) Version/11.0 Safari/604.1.31"
