::1 - - [16/Dec/2016:02:29:01 +0000] "GET /auth/google HTTP/1.1" 304 - "http://localhost:3000/" "Mozilla/5.0 (Windows NT 10.0; WOW64) AppleWebKit/537.36 (KHTML, like Gecko) Chrome/54.0.2840.99 Safari/537.36"
::1 - - [16/Dec/2016:02:29:04 +0000] "GET / HTTP/1.1" 304 - "-" "Mozilla/5.0 (Windows NT 10.0; WOW64) AppleWebKit/537.36 (KHTML, like Gecko) Chrome/54.0.2840.99 Safari/537.36"
::1 - - [16/Dec/2016:02:44:12 +0000] "GET / HTTP/1.1" 304 - "-" "Mozilla/5.0 (Windows NT 10.0; WOW64) AppleWebKit/537.36 (KHTML, like Gecko) Chrome/54.0.2840.99 Safari/537.36"
::1 - - [16/Dec/2016:02:44:16 +0000] "GET /signup HTTP/1.1" 500 2113 "-" "Mozilla/5.0 (Windows NT 10.0; WOW64) AppleWebKit/537.36 (KHTML, like Gecko) Chrome/54.0.2840.99 Safari/537.36"
::1 - - [16/Dec/2016:02:47:30 +0000] "GET /signup HTTP/1.1" 200 1157 "-" "Mozilla/5.0 (Windows NT 10.0; WOW64) AppleWebKit/537.36 (KHTML, like Gecko) Chrome/54.0.2840.99 Safari/537.36"
::1 - - [16/Dec/2016:02:47:32 +0000] "GET /login HTTP/1.1" 200 1321 "http://localhost:3000/signup" "Mozilla/5.0 (Windows NT 10.0; WOW64) AppleWebKit/537.36 (KHTML, like Gecko) Chrome/54.0.2840.99 Safari/537.36"
::1 - - [16/Dec/2016:02:47:34 +0000] "GET / HTTP/1.1" 304 - "http://localhost:3000/login" "Mozilla/5.0 (Windows NT 10.0; WOW64) AppleWebKit/537.36 (KHTML, like Gecko) Chrome/54.0.2840.99 Safari/537.36"
::1 - - [16/Dec/2016:02:47:57 +0000] "GET / HTTP/1.1" 200 841 "http://localhost:3000/login" "Mozilla/5.0 (Windows NT 10.0; WOW64) AppleWebKit/537.36 (KHTML, like Gecko) Chrome/54.0.2840.99 Safari/537.36"
::1 - - [16/Dec/2016:02:47:59 +0000] "GET /login HTTP/1.1" 304 - "http://localhost:3000/" "Mozilla/5.0 (Windows NT 10.0; WOW64) AppleWebKit/537.36 (KHTML, like Gecko) Chrome/54.0.2840.99 Safari/537.36"
::1 - - [16/Dec/2016:02:54:27 +0000] "GET /signup HTTP/1.1" 304 - "http://localhost:3000/" "Mozilla/5.0 (Windows NT 10.0; WOW64) AppleWebKit/537.36 (KHTML, like Gecko) Chrome/54.0.2840.99 Safari/537.36"
::1 - - [16/Dec/2016:02:54:32 +0000] "POST /signup HTTP/1.1" 500 2129 "http://localhost:3000/signup" "Mozilla/5.0 (Windows NT 10.0; WOW64) AppleWebKit/537.36 (KHTML, like Gecko) Chrome/54.0.2840.99 Safari/537.36"
::1 - - [16/Dec/2016:02:55:32 +0000] "GET /signup HTTP/1.1" 304 - "-" "Mozilla/5.0 (Windows NT 10.0; WOW64) AppleWebKit/537.36 (KHTML, like Gecko) Chrome/54.0.2840.99 Safari/537.36"
::1 - - [16/Dec/2016:02:55:37 +0000] "POST /signup HTTP/1.1" 302 60 "http://localhost:3000/signup" "Mozilla/5.0 (Windows NT 10.0; WOW64) AppleWebKit/537.36 (KHTML, like Gecko) Chrome/54.0.2840.99 Safari/537.36"
::1 - - [16/Dec/2016:02:55:37 +0000] "GET /profile HTTP/1.1" 200 1169 "http://localhost:3000/signup" "Mozilla/5.0 (Windows NT 10.0; WOW64) AppleWebKit/537.36 (KHTML, like Gecko) Chrome/54.0.2840.99 Safari/537.36"
::1 - - [16/Dec/2016:02:58:43 +0000] "GET /logout HTTP/1.1" 302 46 "http://localhost:3000/profile" "Mozilla/5.0 (Windows NT 10.0; WOW64) AppleWebKit/537.36 (KHTML, like Gecko) Chrome/54.0.2840.99 Safari/537.36"
::1 - - [16/Dec/2016:02:58:43 +0000] "GET / HTTP/1.1" 304 - "http://localhost:3000/profile" "Mozilla/5.0 (Windows NT 10.0; WOW64) AppleWebKit/537.36 (KHTML, like Gecko) Chrome/54.0.2840.99 Safari/537.36"
::1 - - [16/Dec/2016:02:58:45 +0000] "GET /login HTTP/1.1" 304 - "http://localhost:3000/" "Mozilla/5.0 (Windows NT 10.0; WOW64) AppleWebKit/537.36 (KHTML, like Gecko) Chrome/54.0.2840.99 Safari/537.36"
::1 - - [16/Dec/2016:02:58:48 +0000] "POST /login HTTP/1.1" 302 56 "http://localhost:3000/login" "Mozilla/5.0 (Windows NT 10.0; WOW64) AppleWebKit/537.36 (KHTML, like Gecko) Chrome/54.0.2840.99 Safari/537.36"
::1 - - [16/Dec/2016:02:58:48 +0000] "GET /login HTTP/1.1" 200 1400 "http://localhost:3000/login" "Mozilla/5.0 (Windows NT 10.0; WOW64) AppleWebKit/537.36 (KHTML, like Gecko) Chrome/54.0.2840.99 Safari/537.36"
::1 - - [16/Dec/2016:02:58:54 +0000] "POST /login HTTP/1.1" 302 60 "http://localhost:3000/login" "Mozilla/5.0 (Windows NT 10.0; WOW64) AppleWebKit/537.36 (KHTML, like Gecko) Chrome/54.0.2840.99 Safari/537.36"
::1 - - [16/Dec/2016:02:58:54 +0000] "GET /profile HTTP/1.1" 304 - "http://localhost:3000/login" "Mozilla/5.0 (Windows NT 10.0; WOW64) AppleWebKit/537.36 (KHTML, like Gecko) Chrome/54.0.2840.99 Safari/537.36"
::1 - - [16/Dec/2016:02:59:44 +0000] "GET /profile HTTP/1.1" 200 1170 "http://localhost:3000/login" "Mozilla/5.0 (Windows NT 10.0; WOW64) AppleWebKit/537.36 (KHTML, like Gecko) Chrome/54.0.2840.99 Safari/537.36"
::1 - - [16/Dec/2016:03:00:04 +0000] "GET /logout HTTP/1.1" 302 46 "http://localhost:3000/profile" "Mozilla/5.0 (Windows NT 10.0; WOW64) AppleWebKit/537.36 (KHTML, like Gecko) Chrome/54.0.2840.99 Safari/537.36"
::1 - - [16/Dec/2016:03:00:04 +0000] "GET / HTTP/1.1" 304 - "http://localhost:3000/profile" "Mozilla/5.0 (Windows NT 10.0; WOW64) AppleWebKit/537.36 (KHTML, like Gecko) Chrome/54.0.2840.99 Safari/537.36"
::1 - - [16/Dec/2016:03:00:07 +0000] "GET /profile HTTP/1.1" 302 46 "-" "Mozilla/5.0 (Windows NT 10.0; WOW64) AppleWebKit/537.36 (KHTML, like Gecko) Chrome/54.0.2840.99 Safari/537.36"
::1 - - [16/Dec/2016:03:00:07 +0000] "GET / HTTP/1.1" 304 - "-" "Mozilla/5.0 (Windows NT 10.0; WOW64) AppleWebKit/537.36 (KHTML, like Gecko) Chrome/54.0.2840.99 Safari/537.36"
::1 - - [16/Dec/2016:03:10:48 +0000] "GET / HTTP/1.1" 200 947 "-" "Mozilla/5.0 (Windows NT 10.0; WOW64) AppleWebKit/537.36 (KHTML, like Gecko) Chrome/54.0.2840.99 Safari/537.36"
::1 - - [16/Dec/2016:03:10:51 +0000] "GET /auth/google HTTP/1.1" 302 444 "http://localhost:3000/" "Mozilla/5.0 (Windows NT 10.0; WOW64) AppleWebKit/537.36 (KHTML, like Gecko) Chrome/54.0.2840.99 Safari/537.36"
::1 - - [16/Dec/2016:03:12:19 +0000] "GET / HTTP/1.1" 304 - "-" "Mozilla/5.0 (Windows NT 10.0; WOW64) AppleWebKit/537.36 (KHTML, like Gecko) Chrome/54.0.2840.99 Safari/537.36"
::1 - - [16/Dec/2016:03:12:22 +0000] "GET /auth/google HTTP/1.1" 302 538 "http://localhost:3000/" "Mozilla/5.0 (Windows NT 10.0; WOW64) AppleWebKit/537.36 (KHTML, like Gecko) Chrome/54.0.2840.99 Safari/537.36"
::1 - - [16/Dec/2016:03:13:07 +0000] "GET / HTTP/1.1" 304 - "-" "Mozilla/5.0 (Windows NT 10.0; WOW64) AppleWebKit/537.36 (KHTML, like Gecko) Chrome/54.0.2840.99 Safari/537.36"
::1 - - [16/Dec/2016:03:13:08 +0000] "GET /auth/google HTTP/1.1" 302 538 "http://localhost:3000/" "Mozilla/5.0 (Windows NT 10.0; WOW64) AppleWebKit/537.36 (KHTML, like Gecko) Chrome/54.0.2840.99 Safari/537.36"
::1 - - [16/Dec/2016:03:13:11 +0000] "GET / HTTP/1.1" 200 947 "-" "Mozilla/5.0 (Windows NT 10.0; WOW64) AppleWebKit/537.36 (KHTML, like Gecko) Chrome/54.0.2840.99 Safari/537.36"
::1 - - [16/Dec/2016:03:13:13 +0000] "GET /auth/google HTTP/1.1" 302 538 "http://localhost:3000/" "Mozilla/5.0 (Windows NT 10.0; WOW64) AppleWebKit/537.36 (KHTML, like Gecko) Chrome/54.0.2840.99 Safari/537.36"
::1 - - [16/Dec/2016:03:13:22 +0000] "GET /login HTTP/1.1" 200 1321 "http://localhost:3000/" "Mozilla/5.0 (Windows NT 10.0; WOW64) AppleWebKit/537.36 (KHTML, like Gecko) Chrome/54.0.2840.99 Safari/537.36"
::1 - - [16/Dec/2016:03:13:25 +0000] "POST /login HTTP/1.1" 302 60 "http://localhost:3000/login" "Mozilla/5.0 (Windows NT 10.0; WOW64) AppleWebKit/537.36 (KHTML, like Gecko) Chrome/54.0.2840.99 Safari/537.36"
::1 - - [16/Dec/2016:03:13:25 +0000] "GET /profile HTTP/1.1" 200 1604 "http://localhost:3000/login" "Mozilla/5.0 (Windows NT 10.0; WOW64) AppleWebKit/537.36 (KHTML, like Gecko) Chrome/54.0.2840.99 Safari/537.36"
::1 - - [16/Dec/2016:03:13:28 +0000] "GET /login HTTP/1.1" 200 1321 "http://localhost:3000/" "Mozilla/5.0 (Windows NT 10.0; WOW64) AppleWebKit/537.36 (KHTML, like Gecko) Chrome/54.0.2840.99 Safari/537.36"
::1 - - [16/Dec/2016:03:16:17 +0000] "GET / HTTP/1.1" 304 - "-" "Mozilla/5.0 (Windows NT 10.0; WOW64) AppleWebKit/537.36 (KHTML, like Gecko) Chrome/54.0.2840.99 Safari/537.36"
::1 - - [16/Dec/2016:03:16:19 +0000] "GET /auth/google HTTP/1.1" 302 538 "http://localhost:3000/" "Mozilla/5.0 (Windows NT 10.0; WOW64) AppleWebKit/537.36 (KHTML, like Gecko) Chrome/54.0.2840.99 Safari/537.36"
::1 - - [16/Dec/2016:03:17:41 +0000] "GET / HTTP/1.1" 304 - "-" "Mozilla/5.0 (Windows NT 10.0; WOW64) AppleWebKit/537.36 (KHTML, like Gecko) Chrome/54.0.2840.99 Safari/537.36"
::1 - - [16/Dec/2016:03:17:42 +0000] "GET /auth/google HTTP/1.1" 302 538 "http://localhost:3000/" "Mozilla/5.0 (Windows NT 10.0; WOW64) AppleWebKit/537.36 (KHTML, like Gecko) Chrome/54.0.2840.99 Safari/537.36"
::1 - - [16/Dec/2016:03:18:50 +0000] "GET / HTTP/1.1" 304 - "-" "Mozilla/5.0 (Windows NT 10.0; WOW64) AppleWebKit/537.36 (KHTML, like Gecko) Chrome/54.0.2840.99 Safari/537.36"
::1 - - [16/Dec/2016:03:19:04 +0000] "GET / HTTP/1.1" 304 - "-" "Mozilla/5.0 (Windows NT 10.0; WOW64) AppleWebKit/537.36 (KHTML, like Gecko) Chrome/54.0.2840.99 Safari/537.36"
::1 - - [16/Dec/2016:03:19:06 +0000] "GET /auth/google HTTP/1.1" 302 538 "http://localhost:3000/" "Mozilla/5.0 (Windows NT 10.0; WOW64) AppleWebKit/537.36 (KHTML, like Gecko) Chrome/54.0.2840.99 Safari/537.36"
::1 - - [16/Dec/2016:03:19:18 +0000] "GET / HTTP/1.1" 304 - "-" "Mozilla/5.0 (Windows NT 10.0; WOW64) AppleWebKit/537.36 (KHTML, like Gecko) Chrome/54.0.2840.99 Safari/537.36"
::1 - - [16/Dec/2016:03:19:19 +0000] "GET /auth/google HTTP/1.1" 302 538 "http://localhost:3000/" "Mozilla/5.0 (Windows NT 10.0; WOW64) AppleWebKit/537.36 (KHTML, like Gecko) Chrome/54.0.2840.99 Safari/537.36"
::1 - - [16/Dec/2016:03:20:47 +0000] "GET / HTTP/1.1" 304 - "-" "Mozilla/5.0 (Windows NT 10.0; WOW64) AppleWebKit/537.36 (KHTML, like Gecko) Chrome/54.0.2840.99 Safari/537.36"
::1 - - [16/Dec/2016:03:20:47 +0000] "GET / HTTP/1.1" 200 947 "-" "Mozilla/5.0 (Windows NT 10.0; WOW64) AppleWebKit/537.36 (KHTML, like Gecko) Chrome/54.0.2840.99 Safari/537.36"
::1 - - [16/Dec/2016:03:20:50 +0000] "GET /auth/google HTTP/1.1" 302 538 "http://localhost:3000/" "Mozilla/5.0 (Windows NT 10.0; WOW64) AppleWebKit/537.36 (KHTML, like Gecko) Chrome/54.0.2840.99 Safari/537.36"
::1 - - [16/Dec/2016:03:20:51 +0000] "GET /auth/google/callback?code=4/bl1bvId09c6dsogYezzQJvPNb5fGIwaciQlq8A_xZho HTTP/1.1" 302 60 "-" "Mozilla/5.0 (Windows NT 10.0; WOW64) AppleWebKit/537.36 (KHTML, like Gecko) Chrome/54.0.2840.99 Safari/537.36"
::1 - - [16/Dec/2016:03:20:51 +0000] "GET /profile HTTP/1.1" 200 1646 "-" "Mozilla/5.0 (Windows NT 10.0; WOW64) AppleWebKit/537.36 (KHTML, like Gecko) Chrome/54.0.2840.99 Safari/537.36"
::1 - - [16/Dec/2016:03:23:05 +0000] "GET /logout HTTP/1.1" 302 46 "http://localhost:3000/profile" "Mozilla/5.0 (Windows NT 10.0; WOW64) AppleWebKit/537.36 (KHTML, like Gecko) Chrome/54.0.2840.99 Safari/537.36"
::1 - - [16/Dec/2016:03:23:05 +0000] "GET / HTTP/1.1" 304 - "http://localhost:3000/profile" "Mozilla/5.0 (Windows NT 10.0; WOW64) AppleWebKit/537.36 (KHTML, like Gecko) Chrome/54.0.2840.99 Safari/537.36"
::1 - - [16/Dec/2016:03:34:44 +0000] "GET / HTTP/1.1" 304 - "http://localhost:3000/profile" "Mozilla/5.0 (Windows NT 10.0; WOW64) AppleWebKit/537.36 (KHTML, like Gecko) Chrome/54.0.2840.99 Safari/537.36"
::1 - - [16/Dec/2016:03:34:47 +0000] "GET /login HTTP/1.1" 304 - "http://localhost:3000/" "Mozilla/5.0 (Windows NT 10.0; WOW64) AppleWebKit/537.36 (KHTML, like Gecko) Chrome/54.0.2840.99 Safari/537.36"
::1 - - [16/Dec/2016:03:34:51 +0000] "POST /login HTTP/1.1" 302 60 "http://localhost:3000/login" "Mozilla/5.0 (Windows NT 10.0; WOW64) AppleWebKit/537.36 (KHTML, like Gecko) Chrome/54.0.2840.99 Safari/537.36"
::1 - - [16/Dec/2016:03:34:51 +0000] "GET /profile HTTP/1.1" 200 1717 "http://localhost:3000/login" "Mozilla/5.0 (Windows NT 10.0; WOW64) AppleWebKit/537.36 (KHTML, like Gecko) Chrome/54.0.2840.99 Safari/537.36"
::1 - - [16/Dec/2016:03:34:53 +0000] "GET /connect/google HTTP/1.1" 302 538 "http://localhost:3000/profile" "Mozilla/5.0 (Windows NT 10.0; WOW64) AppleWebKit/537.36 (KHTML, like Gecko) Chrome/54.0.2840.99 Safari/537.36"
::1 - - [16/Dec/2016:03:34:56 +0000] "GET /auth/google/callback?code=4/sTHaKDKBRNBY3A4O1JV4JBkvY81Lta5ylSs2Sm3G9U4 HTTP/1.1" 302 60 "-" "Mozilla/5.0 (Windows NT 10.0; WOW64) AppleWebKit/537.36 (KHTML, like Gecko) Chrome/54.0.2840.99 Safari/537.36"
::1 - - [16/Dec/2016:03:34:56 +0000] "GET /profile HTTP/1.1" 200 1780 "-" "Mozilla/5.0 (Windows NT 10.0; WOW64) AppleWebKit/537.36 (KHTML, like Gecko) Chrome/54.0.2840.99 Safari/537.36"
::1 - - [16/Dec/2016:03:35:18 +0000] "GET / HTTP/1.1" 304 - "-" "Mozilla/5.0 (Windows NT 10.0; WOW64) AppleWebKit/537.36 (KHTML, like Gecko) Chrome/54.0.2840.99 Safari/537.36"
::1 - - [16/Dec/2016:03:35:23 +0000] "GET /logout HTTP/1.1" 302 46 "-" "Mozilla/5.0 (Windows NT 10.0; WOW64) AppleWebKit/537.36 (KHTML, like Gecko) Chrome/54.0.2840.99 Safari/537.36"
::1 - - [16/Dec/2016:03:35:23 +0000] "GET / HTTP/1.1" 304 - "-" "Mozilla/5.0 (Windows NT 10.0; WOW64) AppleWebKit/537.36 (KHTML, like Gecko) Chrome/54.0.2840.99 Safari/537.36"
::1 - - [16/Dec/2016:03:35:27 +0000] "GET /login HTTP/1.1" 200 1321 "http://localhost:3000/" "Mozilla/5.0 (Windows NT 10.0; WOW64) AppleWebKit/537.36 (KHTML, like Gecko) Chrome/54.0.2840.99 Safari/537.36"
::1 - - [16/Dec/2016:03:35:31 +0000] "POST /login HTTP/1.1" 302 56 "http://localhost:3000/login" "Mozilla/5.0 (Windows NT 10.0; WOW64) AppleWebKit/537.36 (KHTML, like Gecko) Chrome/54.0.2840.99 Safari/537.36"
::1 - - [16/Dec/2016:03:35:31 +0000] "GET /login HTTP/1.1" 200 1393 "http://localhost:3000/login" "Mozilla/5.0 (Windows NT 10.0; WOW64) AppleWebKit/537.36 (KHTML, like Gecko) Chrome/54.0.2840.99 Safari/537.36"
::1 - - [16/Dec/2016:03:35:36 +0000] "GET /signup HTTP/1.1" 200 1157 "http://localhost:3000/login" "Mozilla/5.0 (Windows NT 10.0; WOW64) AppleWebKit/537.36 (KHTML, like Gecko) Chrome/54.0.2840.99 Safari/537.36"
::1 - - [16/Dec/2016:03:35:41 +0000] "POST /signup HTTP/1.1" 302 60 "http://localhost:3000/signup" "Mozilla/5.0 (Windows NT 10.0; WOW64) AppleWebKit/537.36 (KHTML, like Gecko) Chrome/54.0.2840.99 Safari/537.36"
::1 - - [16/Dec/2016:03:35:41 +0000] "GET /profile HTTP/1.1" 200 1717 "http://localhost:3000/signup" "Mozilla/5.0 (Windows NT 10.0; WOW64) AppleWebKit/537.36 (KHTML, like Gecko) Chrome/54.0.2840.99 Safari/537.36"
::1 - - [16/Dec/2016:03:35:43 +0000] "GET /connect/google HTTP/1.1" 302 538 "http://localhost:3000/profile" "Mozilla/5.0 (Windows NT 10.0; WOW64) AppleWebKit/537.36 (KHTML, like Gecko) Chrome/54.0.2840.99 Safari/537.36"
::1 - - [16/Dec/2016:03:35:45 +0000] "GET /auth/google/callback?code=4/lUDEpQFQS1uu3cOv-gQuowkku6Yv-OKxnYXnIO9TvUc HTTP/1.1" 302 60 "-" "Mozilla/5.0 (Windows NT 10.0; WOW64) AppleWebKit/537.36 (KHTML, like Gecko) Chrome/54.0.2840.99 Safari/537.36"
::1 - - [16/Dec/2016:03:35:45 +0000] "GET /profile HTTP/1.1" 200 1430 "-" "Mozilla/5.0 (Windows NT 10.0; WOW64) AppleWebKit/537.36 (KHTML, like Gecko) Chrome/54.0.2840.99 Safari/537.36"
::1 - - [16/Dec/2016:03:35:50 +0000] "GET /profile HTTP/1.1" 304 - "-" "Mozilla/5.0 (Windows NT 10.0; WOW64) AppleWebKit/537.36 (KHTML, like Gecko) Chrome/54.0.2840.99 Safari/537.36"
::1 - - [16/Dec/2016:03:35:52 +0000] "GET /logout HTTP/1.1" 302 46 "http://localhost:3000/profile" "Mozilla/5.0 (Windows NT 10.0; WOW64) AppleWebKit/537.36 (KHTML, like Gecko) Chrome/54.0.2840.99 Safari/537.36"
::1 - - [16/Dec/2016:03:35:52 +0000] "GET / HTTP/1.1" 304 - "http://localhost:3000/profile" "Mozilla/5.0 (Windows NT 10.0; WOW64) AppleWebKit/537.36 (KHTML, like Gecko) Chrome/54.0.2840.99 Safari/537.36"
::1 - - [16/Dec/2016:03:35:53 +0000] "GET /auth/google HTTP/1.1" 302 538 "http://localhost:3000/" "Mozilla/5.0 (Windows NT 10.0; WOW64) AppleWebKit/537.36 (KHTML, like Gecko) Chrome/54.0.2840.99 Safari/537.36"
::1 - - [16/Dec/2016:03:35:55 +0000] "GET /auth/google/callback?code=4/cm19tm_OSAz5VJu3n0BP67eCpv4nhMDSmnTR8vMSBI0 HTTP/1.1" 302 60 "-" "Mozilla/5.0 (Windows NT 10.0; WOW64) AppleWebKit/537.36 (KHTML, like Gecko) Chrome/54.0.2840.99 Safari/537.36"
::1 - - [16/Dec/2016:03:35:55 +0000] "GET /profile HTTP/1.1" 304 - "-" "Mozilla/5.0 (Windows NT 10.0; WOW64) AppleWebKit/537.36 (KHTML, like Gecko) Chrome/54.0.2840.99 Safari/537.36"
::1 - - [16/Dec/2016:03:36:05 +0000] "GET /logout HTTP/1.1" 302 46 "http://localhost:3000/profile" "Mozilla/5.0 (Windows NT 10.0; WOW64) AppleWebKit/537.36 (KHTML, like Gecko) Chrome/54.0.2840.99 Safari/537.36"
::1 - - [16/Dec/2016:03:36:05 +0000] "GET / HTTP/1.1" 304 - "http://localhost:3000/profile" "Mozilla/5.0 (Windows NT 10.0; WOW64) AppleWebKit/537.36 (KHTML, like Gecko) Chrome/54.0.2840.99 Safari/537.36"
::1 - - [16/Dec/2016:03:36:07 +0000] "GET /login HTTP/1.1" 200 1321 "http://localhost:3000/" "Mozilla/5.0 (Windows NT 10.0; WOW64) AppleWebKit/537.36 (KHTML, like Gecko) Chrome/54.0.2840.99 Safari/537.36"
::1 - - [16/Dec/2016:03:36:10 +0000] "POST /login HTTP/1.1" 302 60 "http://localhost:3000/login" "Mozilla/5.0 (Windows NT 10.0; WOW64) AppleWebKit/537.36 (KHTML, like Gecko) Chrome/54.0.2840.99 Safari/537.36"
::1 - - [16/Dec/2016:03:36:10 +0000] "GET /profile HTTP/1.1" 200 1717 "http://localhost:3000/login" "Mozilla/5.0 (Windows NT 10.0; WOW64) AppleWebKit/537.36 (KHTML, like Gecko) Chrome/54.0.2840.99 Safari/537.36"
::1 - - [16/Dec/2016:03:36:12 +0000] "GET /connect/google HTTP/1.1" 302 538 "http://localhost:3000/profile" "Mozilla/5.0 (Windows NT 10.0; WOW64) AppleWebKit/537.36 (KHTML, like Gecko) Chrome/54.0.2840.99 Safari/537.36"
::1 - - [16/Dec/2016:03:36:14 +0000] "GET /auth/google/callback?code=4/sH3E2pj-OpX0aEUihd_ECVg3ndyoLxWWkfonmFhj7rI HTTP/1.1" 302 60 "-" "Mozilla/5.0 (Windows NT 10.0; WOW64) AppleWebKit/537.36 (KHTML, like Gecko) Chrome/54.0.2840.99 Safari/537.36"
::1 - - [16/Dec/2016:03:36:14 +0000] "GET /profile HTTP/1.1" 200 1430 "-" "Mozilla/5.0 (Windows NT 10.0; WOW64) AppleWebKit/537.36 (KHTML, like Gecko) Chrome/54.0.2840.99 Safari/537.36"
::1 - - [16/Dec/2016:03:37:17 +0000] "GET /logout HTTP/1.1" 302 46 "http://localhost:3000/profile" "Mozilla/5.0 (Windows NT 10.0; WOW64) AppleWebKit/537.36 (KHTML, like Gecko) Chrome/54.0.2840.99 Safari/537.36"
::1 - - [16/Dec/2016:03:37:17 +0000] "GET / HTTP/1.1" 304 - "http://localhost:3000/profile" "Mozilla/5.0 (Windows NT 10.0; WOW64) AppleWebKit/537.36 (KHTML, like Gecko) Chrome/54.0.2840.99 Safari/537.36"
::1 - - [16/Dec/2016:03:37:22 +0000] "GET /login HTTP/1.1" 200 1321 "http://localhost:3000/" "Mozilla/5.0 (Windows NT 10.0; WOW64) AppleWebKit/537.36 (KHTML, like Gecko) Chrome/54.0.2840.99 Safari/537.36"
::1 - - [16/Dec/2016:03:37:28 +0000] "POST /login HTTP/1.1" 302 56 "http://localhost:3000/login" "Mozilla/5.0 (Windows NT 10.0; WOW64) AppleWebKit/537.36 (KHTML, like Gecko) Chrome/54.0.2840.99 Safari/537.36"
::1 - - [16/Dec/2016:03:37:28 +0000] "GET /login HTTP/1.1" 200 1393 "http://localhost:3000/login" "Mozilla/5.0 (Windows NT 10.0; WOW64) AppleWebKit/537.36 (KHTML, like Gecko) Chrome/54.0.2840.99 Safari/537.36"
::1 - - [16/Dec/2016:03:37:30 +0000] "GET /signup HTTP/1.1" 200 1157 "http://localhost:3000/login" "Mozilla/5.0 (Windows NT 10.0; WOW64) AppleWebKit/537.36 (KHTML, like Gecko) Chrome/54.0.2840.99 Safari/537.36"
::1 - - [16/Dec/2016:03:37:36 +0000] "POST /signup HTTP/1.1" 302 60 "http://localhost:3000/signup" "Mozilla/5.0 (Windows NT 10.0; WOW64) AppleWebKit/537.36 (KHTML, like Gecko) Chrome/54.0.2840.99 Safari/537.36"
::1 - - [16/Dec/2016:03:37:36 +0000] "GET /profile HTTP/1.1" 200 1717 "http://localhost:3000/signup" "Mozilla/5.0 (Windows NT 10.0; WOW64) AppleWebKit/537.36 (KHTML, like Gecko) Chrome/54.0.2840.99 Safari/537.36"
::1 - - [16/Dec/2016:03:37:45 +0000] "GET /connect/google HTTP/1.1" 302 538 "http://localhost:3000/profile" "Mozilla/5.0 (Windows NT 10.0; WOW64) AppleWebKit/537.36 (KHTML, like Gecko) Chrome/54.0.2840.99 Safari/537.36"
::1 - - [16/Dec/2016:03:37:47 +0000] "GET /auth/google/callback?code=4/J-lni6Pa123Ml50VkuPIS0ktlkaV6OJOJpbmvVNU9Hg HTTP/1.1" 302 60 "-" "Mozilla/5.0 (Windows NT 10.0; WOW64) AppleWebKit/537.36 (KHTML, like Gecko) Chrome/54.0.2840.99 Safari/537.36"
::1 - - [16/Dec/2016:03:37:47 +0000] "GET /profile HTTP/1.1" 200 1430 "-" "Mozilla/5.0 (Windows NT 10.0; WOW64) AppleWebKit/537.36 (KHTML, like Gecko) Chrome/54.0.2840.99 Safari/537.36"
::1 - - [16/Dec/2016:03:37:56 +0000] "GET /connect/local HTTP/1.1" 500 2141 "http://localhost:3000/profile" "Mozilla/5.0 (Windows NT 10.0; WOW64) AppleWebKit/537.36 (KHTML, like Gecko) Chrome/54.0.2840.99 Safari/537.36"
::1 - - [16/Dec/2016:03:38:06 +0000] "GET /logout HTTP/1.1" 302 46 "-" "Mozilla/5.0 (Windows NT 10.0; WOW64) AppleWebKit/537.36 (KHTML, like Gecko) Chrome/54.0.2840.99 Safari/537.36"
::1 - - [16/Dec/2016:03:38:06 +0000] "GET / HTTP/1.1" 304 - "-" "Mozilla/5.0 (Windows NT 10.0; WOW64) AppleWebKit/537.36 (KHTML, like Gecko) Chrome/54.0.2840.99 Safari/537.36"
::1 - - [16/Dec/2016:03:38:08 +0000] "GET /login HTTP/1.1" 200 1321 "http://localhost:3000/" "Mozilla/5.0 (Windows NT 10.0; WOW64) AppleWebKit/537.36 (KHTML, like Gecko) Chrome/54.0.2840.99 Safari/537.36"
::1 - - [16/Dec/2016:03:38:11 +0000] "POST /login HTTP/1.1" 302 60 "http://localhost:3000/login" "Mozilla/5.0 (Windows NT 10.0; WOW64) AppleWebKit/537.36 (KHTML, like Gecko) Chrome/54.0.2840.99 Safari/537.36"
::1 - - [16/Dec/2016:03:38:11 +0000] "GET /profile HTTP/1.1" 200 1717 "http://localhost:3000/login" "Mozilla/5.0 (Windows NT 10.0; WOW64) AppleWebKit/537.36 (KHTML, like Gecko) Chrome/54.0.2840.99 Safari/537.36"
::1 - - [16/Dec/2016:03:38:47 +0000] "GET /connect/google HTTP/1.1" 302 538 "http://localhost:3000/profile" "Mozilla/5.0 (Windows NT 10.0; WOW64) AppleWebKit/537.36 (KHTML, like Gecko) Chrome/54.0.2840.99 Safari/537.36"
::1 - - [16/Dec/2016:03:38:52 +0000] "GET /auth/google/callback?code=4/ao6cN2ok3gIQU3xYOHUFIOI_q5c92kIGbF6bCTQVO-U HTTP/1.1" 302 60 "-" "Mozilla/5.0 (Windows NT 10.0; WOW64) AppleWebKit/537.36 (KHTML, like Gecko) Chrome/54.0.2840.99 Safari/537.36"
::1 - - [16/Dec/2016:03:38:52 +0000] "GET /profile HTTP/1.1" 200 1430 "-" "Mozilla/5.0 (Windows NT 10.0; WOW64) AppleWebKit/537.36 (KHTML, like Gecko) Chrome/54.0.2840.99 Safari/537.36"
::1 - - [16/Dec/2016:03:39:30 +0000] "GET /logout HTTP/1.1" 302 46 "http://localhost:3000/profile" "Mozilla/5.0 (Windows NT 10.0; WOW64) AppleWebKit/537.36 (KHTML, like Gecko) Chrome/54.0.2840.99 Safari/537.36"
::1 - - [16/Dec/2016:03:39:30 +0000] "GET / HTTP/1.1" 304 - "http://localhost:3000/profile" "Mozilla/5.0 (Windows NT 10.0; WOW64) AppleWebKit/537.36 (KHTML, like Gecko) Chrome/54.0.2840.99 Safari/537.36"
::1 - - [16/Dec/2016:03:39:31 +0000] "GET /auth/google HTTP/1.1" 302 538 "http://localhost:3000/" "Mozilla/5.0 (Windows NT 10.0; WOW64) AppleWebKit/537.36 (KHTML, like Gecko) Chrome/54.0.2840.99 Safari/537.36"
::1 - - [16/Dec/2016:03:39:39 +0000] "GET /login HTTP/1.1" 200 1321 "http://localhost:3000/" "Mozilla/5.0 (Windows NT 10.0; WOW64) AppleWebKit/537.36 (KHTML, like Gecko) Chrome/54.0.2840.99 Safari/537.36"
::1 - - [16/Dec/2016:03:39:42 +0000] "POST /login HTTP/1.1" 302 56 "http://localhost:3000/login" "Mozilla/5.0 (Windows NT 10.0; WOW64) AppleWebKit/537.36 (KHTML, like Gecko) Chrome/54.0.2840.99 Safari/537.36"
::1 - - [16/Dec/2016:03:39:42 +0000] "GET /login HTTP/1.1" 200 1400 "http://localhost:3000/login" "Mozilla/5.0 (Windows NT 10.0; WOW64) AppleWebKit/537.36 (KHTML, like Gecko) Chrome/54.0.2840.99 Safari/537.36"
::1 - - [16/Dec/2016:03:39:48 +0000] "POST /login HTTP/1.1" 302 60 "http://localhost:3000/login" "Mozilla/5.0 (Windows NT 10.0; WOW64) AppleWebKit/537.36 (KHTML, like Gecko) Chrome/54.0.2840.99 Safari/537.36"
::1 - - [16/Dec/2016:03:39:48 +0000] "GET /profile HTTP/1.1" 200 1717 "http://localhost:3000/login" "Mozilla/5.0 (Windows NT 10.0; WOW64) AppleWebKit/537.36 (KHTML, like Gecko) Chrome/54.0.2840.99 Safari/537.36"
::1 - - [16/Dec/2016:03:43:26 +0000] "GET /profile HTTP/1.1" 302 46 "-" "Mozilla/5.0 (Windows NT 10.0; WOW64) AppleWebKit/537.36 (KHTML, like Gecko) Chrome/54.0.2840.99 Safari/537.36"
::1 - - [16/Dec/2016:03:43:26 +0000] "GET / HTTP/1.1" 304 - "-" "Mozilla/5.0 (Windows NT 10.0; WOW64) AppleWebKit/537.36 (KHTML, like Gecko) Chrome/54.0.2840.99 Safari/537.36"
::1 - - [16/Dec/2016:03:43:30 +0000] "GET /logout HTTP/1.1" 302 46 "-" "Mozilla/5.0 (Windows NT 10.0; WOW64) AppleWebKit/537.36 (KHTML, like Gecko) Chrome/54.0.2840.99 Safari/537.36"
::1 - - [16/Dec/2016:03:43:30 +0000] "GET / HTTP/1.1" 304 - "-" "Mozilla/5.0 (Windows NT 10.0; WOW64) AppleWebKit/537.36 (KHTML, like Gecko) Chrome/54.0.2840.99 Safari/537.36"
::1 - - [16/Dec/2016:03:43:32 +0000] "GET /login HTTP/1.1" 200 1321 "http://localhost:3000/" "Mozilla/5.0 (Windows NT 10.0; WOW64) AppleWebKit/537.36 (KHTML, like Gecko) Chrome/54.0.2840.99 Safari/537.36"
::1 - - [16/Dec/2016:03:43:36 +0000] "POST /login HTTP/1.1" 302 56 "http://localhost:3000/login" "Mozilla/5.0 (Windows NT 10.0; WOW64) AppleWebKit/537.36 (KHTML, like Gecko) Chrome/54.0.2840.99 Safari/537.36"
::1 - - [16/Dec/2016:03:43:36 +0000] "GET /login HTTP/1.1" 200 1393 "http://localhost:3000/login" "Mozilla/5.0 (Windows NT 10.0; WOW64) AppleWebKit/537.36 (KHTML, like Gecko) Chrome/54.0.2840.99 Safari/537.36"
::1 - - [16/Dec/2016:03:43:38 +0000] "GET /signup HTTP/1.1" 200 1157 "http://localhost:3000/login" "Mozilla/5.0 (Windows NT 10.0; WOW64) AppleWebKit/537.36 (KHTML, like Gecko) Chrome/54.0.2840.99 Safari/537.36"
::1 - - [16/Dec/2016:03:43:41 +0000] "POST /signup HTTP/1.1" 302 60 "http://localhost:3000/signup" "Mozilla/5.0 (Windows NT 10.0; WOW64) AppleWebKit/537.36 (KHTML, like Gecko) Chrome/54.0.2840.99 Safari/537.36"
::1 - - [16/Dec/2016:03:43:41 +0000] "GET /profile HTTP/1.1" 200 1717 "http://localhost:3000/signup" "Mozilla/5.0 (Windows NT 10.0; WOW64) AppleWebKit/537.36 (KHTML, like Gecko) Chrome/54.0.2840.99 Safari/537.36"
::1 - - [16/Dec/2016:03:43:48 +0000] "GET /connect/google HTTP/1.1" 302 538 "http://localhost:3000/profile" "Mozilla/5.0 (Windows NT 10.0; WOW64) AppleWebKit/537.36 (KHTML, like Gecko) Chrome/54.0.2840.99 Safari/537.36"
::1 - - [16/Dec/2016:03:43:51 +0000] "GET /auth/google/callback?code=4/3dYMiW06DkyBGovaMBgCXjuxaWBZGm_l9iRav2dz4kM HTTP/1.1" 302 60 "-" "Mozilla/5.0 (Windows NT 10.0; WOW64) AppleWebKit/537.36 (KHTML, like Gecko) Chrome/54.0.2840.99 Safari/537.36"
::1 - - [16/Dec/2016:03:43:51 +0000] "GET /profile HTTP/1.1" 200 2067 "-" "Mozilla/5.0 (Windows NT 10.0; WOW64) AppleWebKit/537.36 (KHTML, like Gecko) Chrome/54.0.2840.99 Safari/537.36"
::1 - - [16/Dec/2016:03:44:06 +0000] "GET /unlink/google HTTP/1.1" 200 947 "http://localhost:3000/profile" "Mozilla/5.0 (Windows NT 10.0; WOW64) AppleWebKit/537.36 (KHTML, like Gecko) Chrome/54.0.2840.99 Safari/537.36"
::1 - - [16/Dec/2016:03:45:18 +0000] "GET /auth/google HTTP/1.1" 302 538 "http://localhost:3000/unlink/google" "Mozilla/5.0 (Windows NT 10.0; WOW64) AppleWebKit/537.36 (KHTML, like Gecko) Chrome/54.0.2840.99 Safari/537.36"
::1 - - [16/Dec/2016:03:45:20 +0000] "GET /auth/google/callback?code=4/GxFEo7P_U_UVAvUIKx5gGYQmTQRILhNBNiWi6DXUMNI HTTP/1.1" 302 60 "-" "Mozilla/5.0 (Windows NT 10.0; WOW64) AppleWebKit/537.36 (KHTML, like Gecko) Chrome/54.0.2840.99 Safari/537.36"
::1 - - [16/Dec/2016:03:45:20 +0000] "GET /profile HTTP/1.1" 304 - "-" "Mozilla/5.0 (Windows NT 10.0; WOW64) AppleWebKit/537.36 (KHTML, like Gecko) Chrome/54.0.2840.99 Safari/537.36"
::1 - - [16/Dec/2016:03:45:22 +0000] "GET /unlink/google HTTP/1.1" 302 60 "http://localhost:3000/profile" "Mozilla/5.0 (Windows NT 10.0; WOW64) AppleWebKit/537.36 (KHTML, like Gecko) Chrome/54.0.2840.99 Safari/537.36"
::1 - - [16/Dec/2016:03:45:22 +0000] "GET /profile HTTP/1.1" 200 1717 "http://localhost:3000/profile" "Mozilla/5.0 (Windows NT 10.0; WOW64) AppleWebKit/537.36 (KHTML, like Gecko) Chrome/54.0.2840.99 Safari/537.36"
::1 - - [16/Dec/2016:03:45:24 +0000] "GET /connect/google HTTP/1.1" 302 538 "http://localhost:3000/profile" "Mozilla/5.0 (Windows NT 10.0; WOW64) AppleWebKit/537.36 (KHTML, like Gecko) Chrome/54.0.2840.99 Safari/537.36"
::1 - - [16/Dec/2016:03:45:26 +0000] "GET /auth/google/callback?code=4/3pwE_dq72W_9s2il5GjyYTJ0gxvS6xU7mRhrPMDUlPc HTTP/1.1" 302 60 "-" "Mozilla/5.0 (Windows NT 10.0; WOW64) AppleWebKit/537.36 (KHTML, like Gecko) Chrome/54.0.2840.99 Safari/537.36"
::1 - - [16/Dec/2016:03:45:26 +0000] "GET /profile HTTP/1.1" 200 2067 "-" "Mozilla/5.0 (Windows NT 10.0; WOW64) AppleWebKit/537.36 (KHTML, like Gecko) Chrome/54.0.2840.99 Safari/537.36"
::1 - - [16/Dec/2016:03:45:28 +0000] "GET /logout HTTP/1.1" 302 46 "http://localhost:3000/profile" "Mozilla/5.0 (Windows NT 10.0; WOW64) AppleWebKit/537.36 (KHTML, like Gecko) Chrome/54.0.2840.99 Safari/537.36"
::1 - - [16/Dec/2016:03:45:28 +0000] "GET / HTTP/1.1" 304 - "http://localhost:3000/profile" "Mozilla/5.0 (Windows NT 10.0; WOW64) AppleWebKit/537.36 (KHTML, like Gecko) Chrome/54.0.2840.99 Safari/537.36"
::1 - - [16/Dec/2016:03:57:14 +0000] "GET /auth/google HTTP/1.1" 302 538 "http://localhost:3000/" "Mozilla/5.0 (Windows NT 10.0; WOW64) AppleWebKit/537.36 (KHTML, like Gecko) Chrome/54.0.2840.99 Safari/537.36"
::1 - - [16/Dec/2016:03:57:15 +0000] "GET /auth/google/callback?code=4/WnFfaxJ5Z6aqsguf-BJv9HbiAdAu9l_wLPHh1T0_Om0 HTTP/1.1" 302 60 "-" "Mozilla/5.0 (Windows NT 10.0; WOW64) AppleWebKit/537.36 (KHTML, like Gecko) Chrome/54.0.2840.99 Safari/537.36"
::1 - - [16/Dec/2016:03:57:15 +0000] "GET /profile HTTP/1.1" 304 - "-" "Mozilla/5.0 (Windows NT 10.0; WOW64) AppleWebKit/537.36 (KHTML, like Gecko) Chrome/54.0.2840.99 Safari/537.36"
::1 - - [16/Dec/2016:04:02:13 +0000] "GET /profile HTTP/1.1" 200 1718 "-" "Mozilla/5.0 (Windows NT 10.0; WOW64) AppleWebKit/537.36 (KHTML, like Gecko) Chrome/54.0.2840.99 Safari/537.36"
